#
# A fatal error has been detected by the Java Runtime Environment:
#
#  SIGSEGV (0xb) at pc=0x0000000101318b44, pid=681, tid=32771
#
# JRE version: Java(TM) SE Runtime Environment 18.9 (11.0.11+9) (build 11.0.11+9-LTS-194)
# Java VM: Java HotSpot(TM) 64-Bit Server VM 18.9 (11.0.11+9-LTS-194, mixed mode, tiered, compressed oops, g1 gc, bsd-amd64)
# Problematic frame:
# V  [libjvm.dylib+0x717b44]  SymbolTable::buckets_unlink(int, int, BasicHashtable<(MemoryType)10>::BucketUnlinkContext*)+0x4c
#
# No core dump will be written. Core dumps have been disabled. To enable core dumping, try "ulimit -c unlimited" before starting Java again
#
# If you would like to submit a bug report, please visit:
#   https://bugreport.java.com/bugreport/crash.jsp
#

---------------  S U M M A R Y ------------

Command Line: --add-opens=java.base/java.util=ALL-UNNAMED --add-opens=java.base/java.lang=ALL-UNNAMED --add-opens=java.base/java.lang.invoke=ALL-UNNAMED --add-opens=java.prefs/java.util.prefs=ALL-UNNAMED -XX:MaxMetaspaceSize=256m -XX:+HeapDumpOnOutOfMemoryError -Xms256m -Xmx512m -Dfile.encoding=UTF-8 -Duser.country=AU -Duser.language=en -Duser.variant org.gradle.launcher.daemon.bootstrap.GradleDaemon 6.7

Host: MacBookPro14,3 x86_64 2900 MHz, 8 cores, 16G, Darwin 20.5.0
Time: Sun Aug  8 00:27:32 2021 AEST elapsed time: 7.390598 seconds (0d 0h 0m 7s)

---------------  T H R E A D  ---------------

Current thread (0x00007fa3c8526800):  GCTaskThread "GC Thread#7" [stack: 0x00007000052f4000,0x00007000053f4000] [id=32771]

Stack: [0x00007000052f4000,0x00007000053f4000],  sp=0x00007000053f3e10,  free space=1023k
Native frames: (J=compiled Java code, A=aot compiled Java code, j=interpreted, Vv=VM code, C=native code)
V  [libjvm.dylib+0x717b44]  SymbolTable::buckets_unlink(int, int, BasicHashtable<(MemoryType)10>::BucketUnlinkContext*)+0x4c
V  [libjvm.dylib+0x717c5c]  SymbolTable::possibly_parallel_unlink(int*, int*)+0x5c
V  [libjvm.dylib+0x2fa632]  G1StringAndSymbolCleaningTask::work(unsigned int)+0x74
V  [libjvm.dylib+0x2fa1e8]  G1ParallelCleaningTask::work(unsigned int)+0x4e
V  [libjvm.dylib+0x7be1c7]  GangWorker::loop()+0x43
V  [libjvm.dylib+0x741b32]  Thread::call_run()+0x68
V  [libjvm.dylib+0x646798]  thread_native_entry(Thread*)+0x136
C  [libsystem_pthread.dylib+0x68fc]  _pthread_start+0xe0
C  [libsystem_pthread.dylib+0x2443]  thread_start+0xf


siginfo: si_signo: 11 (SIGSEGV), si_code: 1 (SEGV_MAPERR), si_addr: 0x00005fa3c7155a22

Register to memory mapping:

RAX=0x00007fa3c7117000 points into unknown readable memory: a8 bb 91 c9 a3 7f 00 00
RBX=0x00007fa3c8839800 points into unknown readable memory: 6d 68 42 ae 00 00 00 00
RCX=0x00007000033905b8 points into unknown readable memory: 00 00 00 00 01 7f 00 00
RDX=0x00007000053f3e50 points into unknown readable memory: a8 02 00 00 00 00 00 00
RSP=0x00007000053f3e10 points into unknown readable memory: 60 02 00 00 00 00 00 00
RBP=0x00007000053f3e40 points into unknown readable memory: 90 3e 3f 05 00 70 00 00
RSI=0x0000000000000260 is an unknown value
RDI=0x00005fa3c7155a20 is an unknown value
R8 =0x00007fa3c7004740 points into unknown readable memory: 02 00 00 00 03 00 00 00
R9 =0xffffffff00000000 is an unknown value
R10=0x0000000101567ea8: _ZL8tc_mutex+0x18 in /Library/Java/JavaVirtualMachines/jdk-11.0.11.jdk/Contents/Home/lib/server/libjvm.dylib at 0x0000000100c01000
R11=0x0000000000000206 is an unknown value
R12=0x000000000000025c is an unknown value
R13=0x00007fa3c7823e20 points into unknown readable memory: 00 98 83 c8 a3 7f 00 00
R14=0x0000000000000260 is an unknown value
R15=0x00007000053f3e50 points into unknown readable memory: a8 02 00 00 00 00 00 00


Registers:
RAX=0x00007fa3c7117000, RBX=0x00007fa3c8839800, RCX=0x00007000033905b8, RDX=0x00007000053f3e50
RSP=0x00007000053f3e10, RBP=0x00007000053f3e40, RSI=0x0000000000000260, RDI=0x00005fa3c7155a20
R8 =0x00007fa3c7004740, R9 =0xffffffff00000000, R10=0x0000000101567ea8, R11=0x0000000000000206
R12=0x000000000000025c, R13=0x00007fa3c7823e20, R14=0x0000000000000260, R15=0x00007000053f3e50
RIP=0x0000000101318b44, EFLAGS=0x0000000000010202, ERR=0x0000000000000004
  TRAPNO=0x000000000000000e

Top of Stack: (sp=0x00007000053f3e10)
0x00007000053f3e10:   0000000000000260 0000000000004e2b
0x00007000053f3e20:   00007000053f3e50 00000001015a02f0
0x00007000053f3e30:   00007000053f3eac 00007000053f3ea8
0x00007000053f3e40:   00007000053f3e90 0000000101318c5c
0x00007000053f3e50:   00000000000002a8 0000000000000000
0x00007000053f3e60:   0000000000000000 0000700003390550
0x00007000053f3e70:   00007000053f3eac 0000000000000000
0x00007000053f3e80:   0000000000000003 00007000053f3ea8
0x00007000053f3e90:   00007000053f3ed0 0000000100efb632
0x00007000053f3ea0:   0000000000000a3b 0000000000000000
0x00007000053f3eb0:   0000700003390538 0000700003390538
0x00007000053f3ec0:   0000000000000003 00007000033905d0
0x00007000053f3ed0:   00007000053f3f00 0000000100efb1e8
0x00007000053f3ee0:   0000700003390538 0000000000000003
0x00007000053f3ef0:   00007000053f3f18 00007fa3c8526800
0x00007000053f3f00:   00007000053f3f40 00000001013bf1c7
0x00007000053f3f10:   00000001015432f0 00007fa3ffffffff
0x00007000053f3f20:   00007fa3c8526800 00007fa3c7385ad0
0x00007000053f3f30:   00007fa3c8526800 0000000000000001
0x00007000053f3f40:   00007000053f3f60 0000000101342b32
0x00007000053f3f50:   0000000000000000 00007fa3c7385a60
0x00007000053f3f60:   00007000053f3fb0 0000000101247798
0x00007000053f3f70:   0000000000001d59 00007000053f40e0
0x00007000053f3f80:   00007000053f4180 0000000600000000
0x00007000053f3f90:   00007000053f4000 0000000000000000
0x00007000053f3fa0:   0000000000000000 0000000000000000
0x00007000053f3fb0:   00007000053f3fd0 00007fff203fd8fc
0x00007000053f3fc0:   0000000000000000 0000000000000000
0x00007000053f3fd0:   00007000053f3ff0 00007fff203f9443
0x00007000053f3fe0:   0000000000000000 0000000000000000
0x00007000053f3ff0:   0000000000000000 0000000000000000
0x00007000053f4000:   5358d82f3a131741 0000000000000000 

Instructions: (pc=0x0000000101318b44)
0x0000000101318b24:   db 74 58 4e 8d 2c e0 f6 43 08 01 74 0c 48 8b 05
0x0000000101318b34:   40 37 23 00 48 85 c0 74 42 48 8b 7b 10 41 ff 07
0x0000000101318b44:   66 83 7f 02 00 74 09 48 83 c3 08 49 89 dd eb 21
0x0000000101318b54:   48 85 ff 74 05 e8 ac f5 ff ff 48 8b 43 08 48 83 

Stack slot to memory mapping:
stack at sp + 0 slots: 0x0000000000000260 is an unknown value
stack at sp + 1 slots: 0x0000000000004e2b is an unknown value
stack at sp + 2 slots: 0x00007000053f3e50 points into unknown readable memory: a8 02 00 00 00 00 00 00
stack at sp + 3 slots: 0x00000001015a02f0: _ZN11SymbolTable21_parallel_claimed_idxE+0 in /Library/Java/JavaVirtualMachines/jdk-11.0.11.jdk/Contents/Home/lib/server/libjvm.dylib at 0x0000000100c01000
stack at sp + 4 slots: 0x00007000053f3eac points into unknown readable memory: 00 00 00 00
stack at sp + 5 slots: 0x00007000053f3ea8 points into unknown readable memory: 00 00 00 00 00 00 00 00
stack at sp + 6 slots: 0x00007000053f3e90 points into unknown readable memory: d0 3e 3f 05 00 70 00 00
stack at sp + 7 slots: 0x0000000101318c5c: _ZN11SymbolTable24possibly_parallel_unlinkEPiS0_+0x5c in /Library/Java/JavaVirtualMachines/jdk-11.0.11.jdk/Contents/Home/lib/server/libjvm.dylib at 0x0000000100c01000


---------------  P R O C E S S  ---------------

Threads class SMR info:
_java_thread_list=0x00007fa3cb55f4f0, length=33, elements={
0x00007fa3c6809000, 0x00007fa3c580a800, 0x00007fa3c9848800, 0x00007fa3c804f800,
0x00007fa3c780d000, 0x00007fa3ca82a800, 0x00007fa3ca82b800, 0x00007fa3c6019800,
0x00007fa3c6012000, 0x00007fa3caaae000, 0x00007fa3c79ea800, 0x00007fa3c851a800,
0x00007fa3c7c31800, 0x00007fa3c63e3800, 0x00007fa3c5885000, 0x00007fa3cabd4000,
0x00007fa3c9a74000, 0x00007fa3cabb8800, 0x00007fa3c5c4b800, 0x00007fa3c7c6d800,
0x00007fa3c5c7d800, 0x00007fa3c852b800, 0x00007fa3c7e95000, 0x00007fa3cad60800,
0x00007fa3c7cd3800, 0x00007fa3cad7b000, 0x00007fa3c5e2d000, 0x00007fa3c7f89000,
0x00007fa3c87ff800, 0x00007fa3c8bcc800, 0x00007fa3cae8b800, 0x00007fa3cc080800,
0x00007fa3c9b06800
}

Java Threads: ( => current thread )
  0x00007fa3c6809000 JavaThread "main" [_thread_blocked, id=6147, stack(0x0000700002c7f000,0x0000700002d7f000)]
  0x00007fa3c580a800 JavaThread "Reference Handler" daemon [_thread_blocked, id=17923, stack(0x0000700003394000,0x0000700003494000)]
  0x00007fa3c9848800 JavaThread "Finalizer" daemon [_thread_blocked, id=13571, stack(0x0000700003497000,0x0000700003597000)]
  0x00007fa3c804f800 JavaThread "Signal Dispatcher" daemon [_thread_blocked, id=16899, stack(0x00007000036a0000,0x00007000037a0000)]
  0x00007fa3c780d000 JavaThread "C2 CompilerThread0" daemon [_thread_blocked, id=21763, stack(0x00007000037a3000,0x00007000038a3000)]
  0x00007fa3ca82a800 JavaThread "C1 CompilerThread0" daemon [_thread_blocked, id=43011, stack(0x00007000038a6000,0x00007000039a6000)]
  0x00007fa3ca82b800 JavaThread "Sweeper thread" daemon [_thread_blocked, id=22787, stack(0x00007000039a9000,0x0000700003aa9000)]
  0x00007fa3c6019800 JavaThread "Common-Cleaner" daemon [_thread_blocked, id=42499, stack(0x0000700003aac000,0x0000700003bac000)]
  0x00007fa3c6012000 JavaThread "Service Thread" daemon [_thread_blocked, id=41731, stack(0x0000700003baf000,0x0000700003caf000)]
  0x00007fa3caaae000 JavaThread "Daemon health stats" [_thread_blocked, id=26627, stack(0x00007000044ca000,0x00007000045ca000)]
  0x00007fa3c79ea800 JavaThread "Incoming local TCP Connector on port 49314" [_thread_in_native, id=39427, stack(0x00007000045cd000,0x00007000046cd000)]
  0x00007fa3c851a800 JavaThread "Daemon periodic checks" [_thread_blocked, id=27139, stack(0x00007000046d0000,0x00007000047d0000)]
  0x00007fa3c7c31800 JavaThread "Daemon" [_thread_blocked, id=38147, stack(0x00007000047d3000,0x00007000048d3000)]
  0x00007fa3c63e3800 JavaThread "Handler for socket connection from /127.0.0.1:49314 to /127.0.0.1:49315" [_thread_in_native, id=27395, stack(0x00007000048d6000,0x00007000049d6000)]
  0x00007fa3c5885000 JavaThread "Cancel handler" [_thread_blocked, id=36867, stack(0x00007000049d9000,0x0000700004ad9000)]
  0x00007fa3cabd4000 JavaThread "Daemon worker" [_thread_blocked, id=36355, stack(0x0000700004adc000,0x0000700004bdc000)]
  0x00007fa3c9a74000 JavaThread "Asynchronous log dispatcher for DefaultDaemonConnection: socket connection from /127.0.0.1:49314 to /127.0.0.1:49315" [_thread_blocked, id=35843, stack(0x0000700004bdf000,0x0000700004cdf000)]
  0x00007fa3cabb8800 JavaThread "Stdin handler" [_thread_blocked, id=35587, stack(0x0000700004ce2000,0x0000700004de2000)]
  0x00007fa3c5c4b800 JavaThread "Thread-8" [_thread_blocked, id=28931, stack(0x0000700004de5000,0x0000700004ee5000)]
  0x00007fa3c7c6d800 JavaThread "Cache worker for file hash cache (/Users/janisardel/.gradle/caches/6.7/fileHashes)" [_thread_blocked, id=34563, stack(0x0000700004ee8000,0x0000700004fe8000)]
  0x00007fa3c5c7d800 JavaThread "File lock request listener" [_thread_in_native, id=29443, stack(0x0000700004feb000,0x00007000050eb000)]
  0x00007fa3c852b800 JavaThread "Cache worker for journal cache (/Users/janisardel/.gradle/caches/journal-1)" [_thread_blocked, id=33795, stack(0x00007000050ee000,0x00007000051ee000)]
  0x00007fa3c7e95000 JavaThread "Cache worker for file hash cache (/Users/janisardel/Documents/Projects/Personal/History/android/.gradle/6.7/fileHashes)" [_thread_blocked, id=32259, stack(0x00007000054fa000,0x00007000055fa000)]
  0x00007fa3cad60800 JavaThread "Cache worker for checksums cache (/Users/janisardel/Documents/Projects/Personal/History/android/.gradle/checksums)" [_thread_blocked, id=30979, stack(0x00007000055fd000,0x00007000056fd000)]
  0x00007fa3c7cd3800 JavaThread "Cache worker for cache directory md-supplier (/Users/janisardel/.gradle/caches/6.7/md-supplier)" [_thread_blocked, id=31235, stack(0x0000700005700000,0x0000700005800000)]
  0x00007fa3cad7b000 JavaThread "Cache worker for cache directory md-rule (/Users/janisardel/.gradle/caches/6.7/md-rule)" [_thread_blocked, id=44035, stack(0x0000700005803000,0x0000700005903000)]
  0x00007fa3c5e2d000 JavaThread "Cache worker for execution history cache (/Users/janisardel/.gradle/caches/6.7/executionHistory)" [_thread_blocked, id=86787, stack(0x0000700005906000,0x0000700005a06000)]
  0x00007fa3c7f89000 JavaThread "jar transforms" [_thread_blocked, id=44547, stack(0x0000700005a09000,0x0000700005b09000)]
  0x00007fa3c87ff800 JavaThread "Cache worker for file content cache (/Users/janisardel/.gradle/caches/6.7/fileContent)" [_thread_blocked, id=45059, stack(0x0000700005b0c000,0x0000700005c0c000)]
  0x00007fa3c8bcc800 JavaThread "process reaper" daemon [_thread_blocked, id=45571, stack(0x0000700005c0f000,0x0000700005c33000)]
  0x00007fa3cae8b800 JavaThread "C2 CompilerThread1" daemon [_thread_blocked, id=23559, stack(0x0000700003db5000,0x0000700003eb5000)]
  0x00007fa3cc080800 JavaThread "C2 CompilerThread2" daemon [_thread_blocked, id=40711, stack(0x00007000043c7000,0x00007000044c7000)]
  0x00007fa3c9b06800 JavaThread "Cache worker for Build Output Cleanup Cache (/Users/janisardel/Documents/Projects/Personal/History/android/.gradle/buildOutputCleanup)" [_thread_blocked, id=85507, stack(0x0000700005c36000,0x0000700005d36000)]

Other Threads:
  0x00007fa3ca822000 VMThread "VM Thread" [stack: 0x0000700003291000,0x0000700003391000] [id=18691]
  0x00007fa3c685d000 WatcherThread [stack: 0x0000700003cb2000,0x0000700003db2000] [id=41475]
  0x00007fa3c680a800 GCTaskThread "GC Thread#0" [stack: 0x0000700002d82000,0x0000700002e82000] [id=11523]
  0x00007fa3c9941800 GCTaskThread "GC Thread#1" [stack: 0x0000700003eb8000,0x0000700003fb8000] [id=23811]
  0x00007fa3c88bc000 GCTaskThread "GC Thread#2" [stack: 0x0000700003fbb000,0x00007000040bb000] [id=24323]
  0x00007fa3c6a37000 GCTaskThread "GC Thread#3" [stack: 0x00007000040be000,0x00007000041be000] [id=40451]
  0x00007fa3c798a000 GCTaskThread "GC Thread#4" [stack: 0x00007000041c1000,0x00007000042c1000] [id=25091]
  0x00007fa3c5959800 GCTaskThread "GC Thread#5" [stack: 0x00007000042c4000,0x00007000043c4000] [id=25347]
  0x00007fa3c63e4800 GCTaskThread "GC Thread#6" [stack: 0x00007000051f1000,0x00007000052f1000] [id=33283]
=>0x00007fa3c8526800 GCTaskThread "GC Thread#7" [stack: 0x00007000052f4000,0x00007000053f4000] [id=32771]
  0x00007fa3c6823800 ConcurrentGCThread "G1 Main Marker" [stack: 0x0000700002e85000,0x0000700002f85000] [id=20739]
  0x00007fa3c6008800 ConcurrentGCThread "G1 Conc#0" [stack: 0x0000700002f88000,0x0000700003088000] [id=12035]
  0x00007fa3c7c72800 ConcurrentGCThread "G1 Conc#1" [stack: 0x00007000053f7000,0x00007000054f7000] [id=30211]
  0x00007fa3c8815000 ConcurrentGCThread "G1 Refine#0" [stack: 0x000070000308b000,0x000070000318b000] [id=19715]
  0x00007fa3c8816000 ConcurrentGCThread "G1 Young RemSet Sampling" [stack: 0x000070000318e000,0x000070000328e000] [id=19459]

Threads with active compile tasks:
C2 CompilerThread1   7397 3802       4       sun.net.util.URLUtil::urlNoFragString (114 bytes)

VM state:at safepoint (normal execution)

VM Mutex/Monitor currently owned by a thread:  ([mutex/lock_event])
[0x00007fa3c730b840] Threads_lock - owner thread: 0x00007fa3ca822000
[0x00007fa3c730bf40] Heap_lock - owner thread: 0x00007fa3c6823800

Heap address: 0x00000007e0000000, size: 512 MB, Compressed Oops mode: Zero based, Oop shift amount: 3
Narrow klass base: 0x0000000800000000, Narrow klass shift: 0
Compressed class space size: 260046848 Address: 0x0000000800000000

Heap:
 garbage-first heap   total 262144K, used 29250K [0x00000007e0000000, 0x0000000800000000)
  region size 1024K, 15 young (15360K), 13 survivors (13312K)
 Metaspace       used 43967K, capacity 44979K, committed 45312K, reserved 294912K
  class space    used 5637K, capacity 6044K, committed 6144K, reserved 253952K
Heap Regions: E=young(eden), S=young(survivor), O=old, HS=humongous(starts), HC=humongous(continues), CS=collection set, F=free, A=archive, TAMS=top-at-mark-start (previous, next)
|   0|0x00000007e0000000, 0x00000007e0100000, 0x00000007e0100000|100%| O|  |TAMS 0x00000007e0100000, 0x00000007e0100000| Untracked 
|   1|0x00000007e0100000, 0x00000007e0200000, 0x00000007e0200000|100%| O|  |TAMS 0x00000007e0200000, 0x00000007e0200000| Untracked 
|   2|0x00000007e0200000, 0x00000007e0300000, 0x00000007e0300000|100%| O|  |TAMS 0x00000007e0300000, 0x00000007e0300000| Untracked 
|   3|0x00000007e0300000, 0x00000007e0400000, 0x00000007e0400000|100%|HS|  |TAMS 0x00000007e0400000, 0x00000007e0400000| Complete 
|   4|0x00000007e0400000, 0x00000007e0500000, 0x00000007e0500000|100%|HC|  |TAMS 0x00000007e0500000, 0x00000007e0500000| Complete 
|   5|0x00000007e0500000, 0x00000007e0600000, 0x00000007e0600000|100%|HC|  |TAMS 0x00000007e0600000, 0x00000007e0600000| Complete 
|   6|0x00000007e0600000, 0x00000007e0700000, 0x00000007e0700000|100%| O|  |TAMS 0x00000007e0700000, 0x00000007e0700000| Untracked 
|   7|0x00000007e0700000, 0x00000007e0800000, 0x00000007e0800000|100%| O|  |TAMS 0x00000007e0800000, 0x00000007e0800000| Untracked 
|   8|0x00000007e0800000, 0x00000007e0900000, 0x00000007e0900000|100%| O|  |TAMS 0x00000007e0900000, 0x00000007e0900000| Untracked 
|   9|0x00000007e0900000, 0x00000007e0a00000, 0x00000007e0a00000|100%| O|  |TAMS 0x00000007e0a00000, 0x00000007e0a00000| Untracked 
|  10|0x00000007e0a00000, 0x00000007e0b00000, 0x00000007e0b00000|100%| O|  |TAMS 0x00000007e0b00000, 0x00000007e0b00000| Untracked 
|  11|0x00000007e0b00000, 0x00000007e0c00000, 0x00000007e0c00000|100%| O|  |TAMS 0x00000007e0c00000, 0x00000007e0c00000| Untracked 
|  12|0x00000007e0c00000, 0x00000007e0d00000, 0x00000007e0d00000|100%| O|  |TAMS 0x00000007e0d00000, 0x00000007e0d00000| Untracked 
|  13|0x00000007e0d00000, 0x00000007e0e00000, 0x00000007e0e00000|100%| O|  |TAMS 0x00000007e0e00000, 0x00000007e0e00000| Untracked 
|  14|0x00000007e0e00000, 0x00000007e0f00000, 0x00000007e0f00000|100%| O|  |TAMS 0x00000007e0f00000, 0x00000007e0f00000| Untracked 
|  15|0x00000007e0f00000, 0x00000007e0f72e00, 0x00000007e1000000| 44%| O|  |TAMS 0x00000007e0f72e00, 0x00000007e0f72e00| Untracked 
|  16|0x00000007e1000000, 0x00000007e1000000, 0x00000007e1100000|  0%| F|  |TAMS 0x00000007e1000000, 0x00000007e1000000| Untracked 
|  17|0x00000007e1100000, 0x00000007e1100000, 0x00000007e1200000|  0%| F|  |TAMS 0x00000007e1100000, 0x00000007e1100000| Untracked 
|  18|0x00000007e1200000, 0x00000007e1200000, 0x00000007e1300000|  0%| F|  |TAMS 0x00000007e1200000, 0x00000007e1200000| Untracked 
|  19|0x00000007e1300000, 0x00000007e1300000, 0x00000007e1400000|  0%| F|  |TAMS 0x00000007e1300000, 0x00000007e1300000| Untracked 
|  20|0x00000007e1400000, 0x00000007e1400000, 0x00000007e1500000|  0%| F|  |TAMS 0x00000007e1400000, 0x00000007e1400000| Untracked 
|  21|0x00000007e1500000, 0x00000007e1500000, 0x00000007e1600000|  0%| F|  |TAMS 0x00000007e1500000, 0x00000007e1500000| Untracked 
|  22|0x00000007e1600000, 0x00000007e1600000, 0x00000007e1700000|  0%| F|  |TAMS 0x00000007e1600000, 0x00000007e1600000| Untracked 
|  23|0x00000007e1700000, 0x00000007e1700000, 0x00000007e1800000|  0%| F|  |TAMS 0x00000007e1700000, 0x00000007e1700000| Untracked 
|  24|0x00000007e1800000, 0x00000007e1800000, 0x00000007e1900000|  0%| F|  |TAMS 0x00000007e1800000, 0x00000007e1800000| Untracked 
|  25|0x00000007e1900000, 0x00000007e1900000, 0x00000007e1a00000|  0%| F|  |TAMS 0x00000007e1900000, 0x00000007e1900000| Untracked 
|  26|0x00000007e1a00000, 0x00000007e1a00000, 0x00000007e1b00000|  0%| F|  |TAMS 0x00000007e1a00000, 0x00000007e1a00000| Untracked 
|  27|0x00000007e1b00000, 0x00000007e1b00000, 0x00000007e1c00000|  0%| F|  |TAMS 0x00000007e1b00000, 0x00000007e1b00000| Untracked 
|  28|0x00000007e1c00000, 0x00000007e1c00000, 0x00000007e1d00000|  0%| F|  |TAMS 0x00000007e1c00000, 0x00000007e1c00000| Untracked 
|  29|0x00000007e1d00000, 0x00000007e1d00000, 0x00000007e1e00000|  0%| F|  |TAMS 0x00000007e1d00000, 0x00000007e1d00000| Untracked 
|  30|0x00000007e1e00000, 0x00000007e1e00000, 0x00000007e1f00000|  0%| F|  |TAMS 0x00000007e1e00000, 0x00000007e1e00000| Untracked 
|  31|0x00000007e1f00000, 0x00000007e1f00000, 0x00000007e2000000|  0%| F|  |TAMS 0x00000007e1f00000, 0x00000007e1f00000| Untracked 
|  32|0x00000007e2000000, 0x00000007e2000000, 0x00000007e2100000|  0%| F|  |TAMS 0x00000007e2000000, 0x00000007e2000000| Untracked 
|  33|0x00000007e2100000, 0x00000007e2100000, 0x00000007e2200000|  0%| F|  |TAMS 0x00000007e2100000, 0x00000007e2100000| Untracked 
|  34|0x00000007e2200000, 0x00000007e2200000, 0x00000007e2300000|  0%| F|  |TAMS 0x00000007e2200000, 0x00000007e2200000| Untracked 
|  35|0x00000007e2300000, 0x00000007e2300000, 0x00000007e2400000|  0%| F|  |TAMS 0x00000007e2300000, 0x00000007e2300000| Untracked 
|  36|0x00000007e2400000, 0x00000007e2400000, 0x00000007e2500000|  0%| F|  |TAMS 0x00000007e2400000, 0x00000007e2400000| Untracked 
|  37|0x00000007e2500000, 0x00000007e2500000, 0x00000007e2600000|  0%| F|  |TAMS 0x00000007e2500000, 0x00000007e2500000| Untracked 
|  38|0x00000007e2600000, 0x00000007e2600000, 0x00000007e2700000|  0%| F|  |TAMS 0x00000007e2600000, 0x00000007e2600000| Untracked 
|  39|0x00000007e2700000, 0x00000007e2700000, 0x00000007e2800000|  0%| F|  |TAMS 0x00000007e2700000, 0x00000007e2700000| Untracked 
|  40|0x00000007e2800000, 0x00000007e2800000, 0x00000007e2900000|  0%| F|  |TAMS 0x00000007e2800000, 0x00000007e2800000| Untracked 
|  41|0x00000007e2900000, 0x00000007e2900000, 0x00000007e2a00000|  0%| F|  |TAMS 0x00000007e2900000, 0x00000007e2900000| Untracked 
|  42|0x00000007e2a00000, 0x00000007e2a00000, 0x00000007e2b00000|  0%| F|  |TAMS 0x00000007e2a00000, 0x00000007e2a00000| Untracked 
|  43|0x00000007e2b00000, 0x00000007e2b00000, 0x00000007e2c00000|  0%| F|  |TAMS 0x00000007e2b00000, 0x00000007e2b00000| Untracked 
|  44|0x00000007e2c00000, 0x00000007e2c00000, 0x00000007e2d00000|  0%| F|  |TAMS 0x00000007e2c00000, 0x00000007e2c00000| Untracked 
|  45|0x00000007e2d00000, 0x00000007e2d00000, 0x00000007e2e00000|  0%| F|  |TAMS 0x00000007e2d00000, 0x00000007e2d00000| Untracked 
|  46|0x00000007e2e00000, 0x00000007e2e00000, 0x00000007e2f00000|  0%| F|  |TAMS 0x00000007e2e00000, 0x00000007e2e00000| Untracked 
|  47|0x00000007e2f00000, 0x00000007e2f00000, 0x00000007e3000000|  0%| F|  |TAMS 0x00000007e2f00000, 0x00000007e2f00000| Untracked 
|  48|0x00000007e3000000, 0x00000007e3000000, 0x00000007e3100000|  0%| F|  |TAMS 0x00000007e3000000, 0x00000007e3000000| Untracked 
|  49|0x00000007e3100000, 0x00000007e3100000, 0x00000007e3200000|  0%| F|  |TAMS 0x00000007e3100000, 0x00000007e3100000| Untracked 
|  50|0x00000007e3200000, 0x00000007e3200000, 0x00000007e3300000|  0%| F|  |TAMS 0x00000007e3200000, 0x00000007e3200000| Untracked 
|  51|0x00000007e3300000, 0x00000007e3300000, 0x00000007e3400000|  0%| F|  |TAMS 0x00000007e3300000, 0x00000007e3300000| Untracked 
|  52|0x00000007e3400000, 0x00000007e3400000, 0x00000007e3500000|  0%| F|  |TAMS 0x00000007e3400000, 0x00000007e3400000| Untracked 
|  53|0x00000007e3500000, 0x00000007e3500000, 0x00000007e3600000|  0%| F|  |TAMS 0x00000007e3500000, 0x00000007e3500000| Untracked 
|  54|0x00000007e3600000, 0x00000007e3600000, 0x00000007e3700000|  0%| F|  |TAMS 0x00000007e3600000, 0x00000007e3600000| Untracked 
|  55|0x00000007e3700000, 0x00000007e3700000, 0x00000007e3800000|  0%| F|  |TAMS 0x00000007e3700000, 0x00000007e3700000| Untracked 
|  56|0x00000007e3800000, 0x00000007e3800000, 0x00000007e3900000|  0%| F|  |TAMS 0x00000007e3800000, 0x00000007e3800000| Untracked 
|  57|0x00000007e3900000, 0x00000007e3900000, 0x00000007e3a00000|  0%| F|  |TAMS 0x00000007e3900000, 0x00000007e3900000| Untracked 
|  58|0x00000007e3a00000, 0x00000007e3a00000, 0x00000007e3b00000|  0%| F|  |TAMS 0x00000007e3a00000, 0x00000007e3a00000| Untracked 
|  59|0x00000007e3b00000, 0x00000007e3b00000, 0x00000007e3c00000|  0%| F|  |TAMS 0x00000007e3b00000, 0x00000007e3b00000| Untracked 
|  60|0x00000007e3c00000, 0x00000007e3c00000, 0x00000007e3d00000|  0%| F|  |TAMS 0x00000007e3c00000, 0x00000007e3c00000| Untracked 
|  61|0x00000007e3d00000, 0x00000007e3d00000, 0x00000007e3e00000|  0%| F|  |TAMS 0x00000007e3d00000, 0x00000007e3d00000| Untracked 
|  62|0x00000007e3e00000, 0x00000007e3e00000, 0x00000007e3f00000|  0%| F|  |TAMS 0x00000007e3e00000, 0x00000007e3e00000| Untracked 
|  63|0x00000007e3f00000, 0x00000007e3f00000, 0x00000007e4000000|  0%| F|  |TAMS 0x00000007e3f00000, 0x00000007e3f00000| Untracked 
|  64|0x00000007e4000000, 0x00000007e4000000, 0x00000007e4100000|  0%| F|  |TAMS 0x00000007e4000000, 0x00000007e4000000| Untracked 
|  65|0x00000007e4100000, 0x00000007e4100000, 0x00000007e4200000|  0%| F|  |TAMS 0x00000007e4100000, 0x00000007e4100000| Untracked 
|  66|0x00000007e4200000, 0x00000007e4200000, 0x00000007e4300000|  0%| F|  |TAMS 0x00000007e4200000, 0x00000007e4200000| Untracked 
|  67|0x00000007e4300000, 0x00000007e4300000, 0x00000007e4400000|  0%| F|  |TAMS 0x00000007e4300000, 0x00000007e4300000| Untracked 
|  68|0x00000007e4400000, 0x00000007e4400000, 0x00000007e4500000|  0%| F|  |TAMS 0x00000007e4400000, 0x00000007e4400000| Untracked 
|  69|0x00000007e4500000, 0x00000007e4500000, 0x00000007e4600000|  0%| F|  |TAMS 0x00000007e4500000, 0x00000007e4500000| Untracked 
|  70|0x00000007e4600000, 0x00000007e4600000, 0x00000007e4700000|  0%| F|  |TAMS 0x00000007e4600000, 0x00000007e4600000| Untracked 
|  71|0x00000007e4700000, 0x00000007e4700000, 0x00000007e4800000|  0%| F|  |TAMS 0x00000007e4700000, 0x00000007e4700000| Untracked 
|  72|0x00000007e4800000, 0x00000007e4800000, 0x00000007e4900000|  0%| F|  |TAMS 0x00000007e4800000, 0x00000007e4800000| Untracked 
|  73|0x00000007e4900000, 0x00000007e4900000, 0x00000007e4a00000|  0%| F|  |TAMS 0x00000007e4900000, 0x00000007e4900000| Untracked 
|  74|0x00000007e4a00000, 0x00000007e4a00000, 0x00000007e4b00000|  0%| F|  |TAMS 0x00000007e4a00000, 0x00000007e4a00000| Untracked 
|  75|0x00000007e4b00000, 0x00000007e4b00000, 0x00000007e4c00000|  0%| F|  |TAMS 0x00000007e4b00000, 0x00000007e4b00000| Untracked 
|  76|0x00000007e4c00000, 0x00000007e4c00000, 0x00000007e4d00000|  0%| F|  |TAMS 0x00000007e4c00000, 0x00000007e4c00000| Untracked 
|  77|0x00000007e4d00000, 0x00000007e4d00000, 0x00000007e4e00000|  0%| F|  |TAMS 0x00000007e4d00000, 0x00000007e4d00000| Untracked 
|  78|0x00000007e4e00000, 0x00000007e4e00000, 0x00000007e4f00000|  0%| F|  |TAMS 0x00000007e4e00000, 0x00000007e4e00000| Untracked 
|  79|0x00000007e4f00000, 0x00000007e4f00000, 0x00000007e5000000|  0%| F|  |TAMS 0x00000007e4f00000, 0x00000007e4f00000| Untracked 
|  80|0x00000007e5000000, 0x00000007e5000000, 0x00000007e5100000|  0%| F|  |TAMS 0x00000007e5000000, 0x00000007e5000000| Untracked 
|  81|0x00000007e5100000, 0x00000007e5100000, 0x00000007e5200000|  0%| F|  |TAMS 0x00000007e5100000, 0x00000007e5100000| Untracked 
|  82|0x00000007e5200000, 0x00000007e5200000, 0x00000007e5300000|  0%| F|  |TAMS 0x00000007e5200000, 0x00000007e5200000| Untracked 
|  83|0x00000007e5300000, 0x00000007e5300000, 0x00000007e5400000|  0%| F|  |TAMS 0x00000007e5300000, 0x00000007e5300000| Untracked 
|  84|0x00000007e5400000, 0x00000007e5400000, 0x00000007e5500000|  0%| F|  |TAMS 0x00000007e5400000, 0x00000007e5400000| Untracked 
|  85|0x00000007e5500000, 0x00000007e5500000, 0x00000007e5600000|  0%| F|  |TAMS 0x00000007e5500000, 0x00000007e5500000| Untracked 
|  86|0x00000007e5600000, 0x00000007e5600000, 0x00000007e5700000|  0%| F|  |TAMS 0x00000007e5600000, 0x00000007e5600000| Untracked 
|  87|0x00000007e5700000, 0x00000007e5700000, 0x00000007e5800000|  0%| F|  |TAMS 0x00000007e5700000, 0x00000007e5700000| Untracked 
|  88|0x00000007e5800000, 0x00000007e5800000, 0x00000007e5900000|  0%| F|  |TAMS 0x00000007e5800000, 0x00000007e5800000| Untracked 
|  89|0x00000007e5900000, 0x00000007e5900000, 0x00000007e5a00000|  0%| F|  |TAMS 0x00000007e5900000, 0x00000007e5900000| Untracked 
|  90|0x00000007e5a00000, 0x00000007e5a00000, 0x00000007e5b00000|  0%| F|  |TAMS 0x00000007e5a00000, 0x00000007e5a00000| Untracked 
|  91|0x00000007e5b00000, 0x00000007e5b00000, 0x00000007e5c00000|  0%| F|  |TAMS 0x00000007e5b00000, 0x00000007e5b00000| Untracked 
|  92|0x00000007e5c00000, 0x00000007e5c00000, 0x00000007e5d00000|  0%| F|  |TAMS 0x00000007e5c00000, 0x00000007e5c00000| Untracked 
|  93|0x00000007e5d00000, 0x00000007e5d00000, 0x00000007e5e00000|  0%| F|  |TAMS 0x00000007e5d00000, 0x00000007e5d00000| Untracked 
|  94|0x00000007e5e00000, 0x00000007e5e00000, 0x00000007e5f00000|  0%| F|  |TAMS 0x00000007e5e00000, 0x00000007e5e00000| Untracked 
|  95|0x00000007e5f00000, 0x00000007e5f00000, 0x00000007e6000000|  0%| F|  |TAMS 0x00000007e5f00000, 0x00000007e5f00000| Untracked 
|  96|0x00000007e6000000, 0x00000007e6000000, 0x00000007e6100000|  0%| F|  |TAMS 0x00000007e6000000, 0x00000007e6000000| Untracked 
|  97|0x00000007e6100000, 0x00000007e6100000, 0x00000007e6200000|  0%| F|  |TAMS 0x00000007e6100000, 0x00000007e6100000| Untracked 
|  98|0x00000007e6200000, 0x00000007e6200000, 0x00000007e6300000|  0%| F|  |TAMS 0x00000007e6200000, 0x00000007e6200000| Untracked 
|  99|0x00000007e6300000, 0x00000007e6300000, 0x00000007e6400000|  0%| F|  |TAMS 0x00000007e6300000, 0x00000007e6300000| Untracked 
| 100|0x00000007e6400000, 0x00000007e6400000, 0x00000007e6500000|  0%| F|  |TAMS 0x00000007e6400000, 0x00000007e6400000| Untracked 
| 101|0x00000007e6500000, 0x00000007e6500000, 0x00000007e6600000|  0%| F|  |TAMS 0x00000007e6500000, 0x00000007e6500000| Untracked 
| 102|0x00000007e6600000, 0x00000007e6600000, 0x00000007e6700000|  0%| F|  |TAMS 0x00000007e6600000, 0x00000007e6600000| Untracked 
| 103|0x00000007e6700000, 0x00000007e6700000, 0x00000007e6800000|  0%| F|  |TAMS 0x00000007e6700000, 0x00000007e6700000| Untracked 
| 104|0x00000007e6800000, 0x00000007e6800000, 0x00000007e6900000|  0%| F|  |TAMS 0x00000007e6800000, 0x00000007e6800000| Untracked 
| 105|0x00000007e6900000, 0x00000007e6900000, 0x00000007e6a00000|  0%| F|  |TAMS 0x00000007e6900000, 0x00000007e6900000| Untracked 
| 106|0x00000007e6a00000, 0x00000007e6a00000, 0x00000007e6b00000|  0%| F|  |TAMS 0x00000007e6a00000, 0x00000007e6a00000| Untracked 
| 107|0x00000007e6b00000, 0x00000007e6b00000, 0x00000007e6c00000|  0%| F|  |TAMS 0x00000007e6b00000, 0x00000007e6b00000| Untracked 
| 108|0x00000007e6c00000, 0x00000007e6c00000, 0x00000007e6d00000|  0%| F|  |TAMS 0x00000007e6c00000, 0x00000007e6c00000| Untracked 
| 109|0x00000007e6d00000, 0x00000007e6d00000, 0x00000007e6e00000|  0%| F|  |TAMS 0x00000007e6d00000, 0x00000007e6d00000| Untracked 
| 110|0x00000007e6e00000, 0x00000007e6e00000, 0x00000007e6f00000|  0%| F|  |TAMS 0x00000007e6e00000, 0x00000007e6e00000| Untracked 
| 111|0x00000007e6f00000, 0x00000007e6f00000, 0x00000007e7000000|  0%| F|  |TAMS 0x00000007e6f00000, 0x00000007e6f00000| Untracked 
| 112|0x00000007e7000000, 0x00000007e7000000, 0x00000007e7100000|  0%| F|  |TAMS 0x00000007e7000000, 0x00000007e7000000| Untracked 
| 113|0x00000007e7100000, 0x00000007e7100000, 0x00000007e7200000|  0%| F|  |TAMS 0x00000007e7100000, 0x00000007e7100000| Untracked 
| 114|0x00000007e7200000, 0x00000007e7200000, 0x00000007e7300000|  0%| F|  |TAMS 0x00000007e7200000, 0x00000007e7200000| Untracked 
| 115|0x00000007e7300000, 0x00000007e7300000, 0x00000007e7400000|  0%| F|  |TAMS 0x00000007e7300000, 0x00000007e7300000| Untracked 
| 116|0x00000007e7400000, 0x00000007e7400000, 0x00000007e7500000|  0%| F|  |TAMS 0x00000007e7400000, 0x00000007e7400000| Untracked 
| 117|0x00000007e7500000, 0x00000007e7500000, 0x00000007e7600000|  0%| F|  |TAMS 0x00000007e7500000, 0x00000007e7500000| Untracked 
| 118|0x00000007e7600000, 0x00000007e7600000, 0x00000007e7700000|  0%| F|  |TAMS 0x00000007e7600000, 0x00000007e7600000| Untracked 
| 119|0x00000007e7700000, 0x00000007e7700000, 0x00000007e7800000|  0%| F|  |TAMS 0x00000007e7700000, 0x00000007e7700000| Untracked 
| 120|0x00000007e7800000, 0x00000007e7800000, 0x00000007e7900000|  0%| F|  |TAMS 0x00000007e7800000, 0x00000007e7800000| Untracked 
| 121|0x00000007e7900000, 0x00000007e7900000, 0x00000007e7a00000|  0%| F|  |TAMS 0x00000007e7900000, 0x00000007e7900000| Untracked 
| 122|0x00000007e7a00000, 0x00000007e7a00000, 0x00000007e7b00000|  0%| F|  |TAMS 0x00000007e7a00000, 0x00000007e7a00000| Untracked 
| 123|0x00000007e7b00000, 0x00000007e7b00000, 0x00000007e7c00000|  0%| F|  |TAMS 0x00000007e7b00000, 0x00000007e7b00000| Untracked 
| 124|0x00000007e7c00000, 0x00000007e7c00000, 0x00000007e7d00000|  0%| F|  |TAMS 0x00000007e7c00000, 0x00000007e7c00000| Untracked 
| 125|0x00000007e7d00000, 0x00000007e7d00000, 0x00000007e7e00000|  0%| F|  |TAMS 0x00000007e7d00000, 0x00000007e7d00000| Untracked 
| 126|0x00000007e7e00000, 0x00000007e7e00000, 0x00000007e7f00000|  0%| F|  |TAMS 0x00000007e7e00000, 0x00000007e7e00000| Untracked 
| 127|0x00000007e7f00000, 0x00000007e7f00000, 0x00000007e8000000|  0%| F|  |TAMS 0x00000007e7f00000, 0x00000007e7f00000| Untracked 
| 128|0x00000007e8000000, 0x00000007e8000000, 0x00000007e8100000|  0%| F|  |TAMS 0x00000007e8000000, 0x00000007e8000000| Untracked 
| 129|0x00000007e8100000, 0x00000007e8100000, 0x00000007e8200000|  0%| F|  |TAMS 0x00000007e8100000, 0x00000007e8100000| Untracked 
| 130|0x00000007e8200000, 0x00000007e8200000, 0x00000007e8300000|  0%| F|  |TAMS 0x00000007e8200000, 0x00000007e8200000| Untracked 
| 131|0x00000007e8300000, 0x00000007e8300000, 0x00000007e8400000|  0%| F|  |TAMS 0x00000007e8300000, 0x00000007e8300000| Untracked 
| 132|0x00000007e8400000, 0x00000007e8400000, 0x00000007e8500000|  0%| F|  |TAMS 0x00000007e8400000, 0x00000007e8400000| Untracked 
| 133|0x00000007e8500000, 0x00000007e8500000, 0x00000007e8600000|  0%| F|  |TAMS 0x00000007e8500000, 0x00000007e8500000| Untracked 
| 134|0x00000007e8600000, 0x00000007e861db38, 0x00000007e8700000| 11%| S|CS|TAMS 0x00000007e8600000, 0x00000007e8600000| Complete 
| 135|0x00000007e8700000, 0x00000007e8800000, 0x00000007e8800000|100%| S|CS|TAMS 0x00000007e8700000, 0x00000007e8700000| Complete 
| 136|0x00000007e8800000, 0x00000007e8900000, 0x00000007e8900000|100%| S|CS|TAMS 0x00000007e8800000, 0x00000007e8800000| Complete 
| 137|0x00000007e8900000, 0x00000007e8a00000, 0x00000007e8a00000|100%| S|CS|TAMS 0x00000007e8900000, 0x00000007e8900000| Complete 
| 138|0x00000007e8a00000, 0x00000007e8b00000, 0x00000007e8b00000|100%| S|CS|TAMS 0x00000007e8a00000, 0x00000007e8a00000| Complete 
| 139|0x00000007e8b00000, 0x00000007e8c00000, 0x00000007e8c00000|100%| S|CS|TAMS 0x00000007e8b00000, 0x00000007e8b00000| Complete 
| 140|0x00000007e8c00000, 0x00000007e8d00000, 0x00000007e8d00000|100%| S|CS|TAMS 0x00000007e8c00000, 0x00000007e8c00000| Complete 
| 141|0x00000007e8d00000, 0x00000007e8e00000, 0x00000007e8e00000|100%| S|CS|TAMS 0x00000007e8d00000, 0x00000007e8d00000| Complete 
| 142|0x00000007e8e00000, 0x00000007e8f00000, 0x00000007e8f00000|100%| S|CS|TAMS 0x00000007e8e00000, 0x00000007e8e00000| Complete 
| 143|0x00000007e8f00000, 0x00000007e9000000, 0x00000007e9000000|100%| S|CS|TAMS 0x00000007e8f00000, 0x00000007e8f00000| Complete 
| 144|0x00000007e9000000, 0x00000007e9100000, 0x00000007e9100000|100%| S|CS|TAMS 0x00000007e9000000, 0x00000007e9000000| Complete 
| 145|0x00000007e9100000, 0x00000007e9200000, 0x00000007e9200000|100%| S|CS|TAMS 0x00000007e9100000, 0x00000007e9100000| Complete 
| 146|0x00000007e9200000, 0x00000007e9300000, 0x00000007e9300000|100%| S|CS|TAMS 0x00000007e9200000, 0x00000007e9200000| Complete 
| 147|0x00000007e9300000, 0x00000007e9300000, 0x00000007e9400000|  0%| F|  |TAMS 0x00000007e9300000, 0x00000007e9300000| Untracked 
| 148|0x00000007e9400000, 0x00000007e9400000, 0x00000007e9500000|  0%| F|  |TAMS 0x00000007e9400000, 0x00000007e9400000| Untracked 
| 149|0x00000007e9500000, 0x00000007e9500000, 0x00000007e9600000|  0%| F|  |TAMS 0x00000007e9500000, 0x00000007e9500000| Untracked 
| 150|0x00000007e9600000, 0x00000007e9600000, 0x00000007e9700000|  0%| F|  |TAMS 0x00000007e9600000, 0x00000007e9600000| Untracked 
| 151|0x00000007e9700000, 0x00000007e9700000, 0x00000007e9800000|  0%| F|  |TAMS 0x00000007e9700000, 0x00000007e9700000| Untracked 
| 152|0x00000007e9800000, 0x00000007e9800000, 0x00000007e9900000|  0%| F|  |TAMS 0x00000007e9800000, 0x00000007e9800000| Untracked 
| 153|0x00000007e9900000, 0x00000007e9900000, 0x00000007e9a00000|  0%| F|  |TAMS 0x00000007e9900000, 0x00000007e9900000| Untracked 
| 154|0x00000007e9a00000, 0x00000007e9a00000, 0x00000007e9b00000|  0%| F|  |TAMS 0x00000007e9a00000, 0x00000007e9a00000| Untracked 
| 155|0x00000007e9b00000, 0x00000007e9b00000, 0x00000007e9c00000|  0%| F|  |TAMS 0x00000007e9b00000, 0x00000007e9b00000| Untracked 
| 156|0x00000007e9c00000, 0x00000007e9c00000, 0x00000007e9d00000|  0%| F|  |TAMS 0x00000007e9c00000, 0x00000007e9c00000| Untracked 
| 157|0x00000007e9d00000, 0x00000007e9d00000, 0x00000007e9e00000|  0%| F|  |TAMS 0x00000007e9d00000, 0x00000007e9d00000| Untracked 
| 158|0x00000007e9e00000, 0x00000007e9e00000, 0x00000007e9f00000|  0%| F|  |TAMS 0x00000007e9e00000, 0x00000007e9e00000| Untracked 
| 159|0x00000007e9f00000, 0x00000007e9f00000, 0x00000007ea000000|  0%| F|  |TAMS 0x00000007e9f00000, 0x00000007e9f00000| Untracked 
| 160|0x00000007ea000000, 0x00000007ea000000, 0x00000007ea100000|  0%| F|  |TAMS 0x00000007ea000000, 0x00000007ea000000| Untracked 
| 161|0x00000007ea100000, 0x00000007ea100000, 0x00000007ea200000|  0%| F|  |TAMS 0x00000007ea100000, 0x00000007ea100000| Untracked 
| 162|0x00000007ea200000, 0x00000007ea200000, 0x00000007ea300000|  0%| F|  |TAMS 0x00000007ea200000, 0x00000007ea200000| Untracked 
| 163|0x00000007ea300000, 0x00000007ea300000, 0x00000007ea400000|  0%| F|  |TAMS 0x00000007ea300000, 0x00000007ea300000| Untracked 
| 164|0x00000007ea400000, 0x00000007ea400000, 0x00000007ea500000|  0%| F|  |TAMS 0x00000007ea400000, 0x00000007ea400000| Untracked 
| 165|0x00000007ea500000, 0x00000007ea500000, 0x00000007ea600000|  0%| F|  |TAMS 0x00000007ea500000, 0x00000007ea500000| Untracked 
| 166|0x00000007ea600000, 0x00000007ea600000, 0x00000007ea700000|  0%| F|  |TAMS 0x00000007ea600000, 0x00000007ea600000| Untracked 
| 167|0x00000007ea700000, 0x00000007ea700000, 0x00000007ea800000|  0%| F|  |TAMS 0x00000007ea700000, 0x00000007ea700000| Untracked 
| 168|0x00000007ea800000, 0x00000007ea800000, 0x00000007ea900000|  0%| F|  |TAMS 0x00000007ea800000, 0x00000007ea800000| Untracked 
| 169|0x00000007ea900000, 0x00000007ea900000, 0x00000007eaa00000|  0%| F|  |TAMS 0x00000007ea900000, 0x00000007ea900000| Untracked 
| 170|0x00000007eaa00000, 0x00000007eaa00000, 0x00000007eab00000|  0%| F|  |TAMS 0x00000007eaa00000, 0x00000007eaa00000| Untracked 
| 171|0x00000007eab00000, 0x00000007eab00000, 0x00000007eac00000|  0%| F|  |TAMS 0x00000007eab00000, 0x00000007eab00000| Untracked 
| 172|0x00000007eac00000, 0x00000007eac00000, 0x00000007ead00000|  0%| F|  |TAMS 0x00000007eac00000, 0x00000007eac00000| Untracked 
| 173|0x00000007ead00000, 0x00000007ead00000, 0x00000007eae00000|  0%| F|  |TAMS 0x00000007ead00000, 0x00000007ead00000| Untracked 
| 174|0x00000007eae00000, 0x00000007eae00000, 0x00000007eaf00000|  0%| F|  |TAMS 0x00000007eae00000, 0x00000007eae00000| Untracked 
| 175|0x00000007eaf00000, 0x00000007eaf00000, 0x00000007eb000000|  0%| F|  |TAMS 0x00000007eaf00000, 0x00000007eaf00000| Untracked 
| 176|0x00000007eb000000, 0x00000007eb000000, 0x00000007eb100000|  0%| F|  |TAMS 0x00000007eb000000, 0x00000007eb000000| Untracked 
| 177|0x00000007eb100000, 0x00000007eb100000, 0x00000007eb200000|  0%| F|  |TAMS 0x00000007eb100000, 0x00000007eb100000| Untracked 
| 178|0x00000007eb200000, 0x00000007eb200000, 0x00000007eb300000|  0%| F|  |TAMS 0x00000007eb200000, 0x00000007eb200000| Untracked 
| 179|0x00000007eb300000, 0x00000007eb300000, 0x00000007eb400000|  0%| F|  |TAMS 0x00000007eb300000, 0x00000007eb300000| Untracked 
| 180|0x00000007eb400000, 0x00000007eb400000, 0x00000007eb500000|  0%| F|  |TAMS 0x00000007eb400000, 0x00000007eb400000| Untracked 
| 181|0x00000007eb500000, 0x00000007eb500000, 0x00000007eb600000|  0%| F|  |TAMS 0x00000007eb500000, 0x00000007eb500000| Untracked 
| 182|0x00000007eb600000, 0x00000007eb600000, 0x00000007eb700000|  0%| F|  |TAMS 0x00000007eb600000, 0x00000007eb600000| Untracked 
| 183|0x00000007eb700000, 0x00000007eb700000, 0x00000007eb800000|  0%| F|  |TAMS 0x00000007eb700000, 0x00000007eb700000| Untracked 
| 184|0x00000007eb800000, 0x00000007eb800000, 0x00000007eb900000|  0%| F|  |TAMS 0x00000007eb800000, 0x00000007eb800000| Untracked 
| 185|0x00000007eb900000, 0x00000007eb900000, 0x00000007eba00000|  0%| F|  |TAMS 0x00000007eb900000, 0x00000007eb900000| Untracked 
| 186|0x00000007eba00000, 0x00000007eba00000, 0x00000007ebb00000|  0%| F|  |TAMS 0x00000007eba00000, 0x00000007eba00000| Untracked 
| 187|0x00000007ebb00000, 0x00000007ebb00000, 0x00000007ebc00000|  0%| F|  |TAMS 0x00000007ebb00000, 0x00000007ebb00000| Untracked 
| 188|0x00000007ebc00000, 0x00000007ebc00000, 0x00000007ebd00000|  0%| F|  |TAMS 0x00000007ebc00000, 0x00000007ebc00000| Untracked 
| 189|0x00000007ebd00000, 0x00000007ebd00000, 0x00000007ebe00000|  0%| F|  |TAMS 0x00000007ebd00000, 0x00000007ebd00000| Untracked 
| 190|0x00000007ebe00000, 0x00000007ebe00000, 0x00000007ebf00000|  0%| F|  |TAMS 0x00000007ebe00000, 0x00000007ebe00000| Untracked 
| 191|0x00000007ebf00000, 0x00000007ebf00000, 0x00000007ec000000|  0%| F|  |TAMS 0x00000007ebf00000, 0x00000007ebf00000| Untracked 
| 192|0x00000007ec000000, 0x00000007ec000000, 0x00000007ec100000|  0%| F|  |TAMS 0x00000007ec000000, 0x00000007ec000000| Untracked 
| 193|0x00000007ec100000, 0x00000007ec100000, 0x00000007ec200000|  0%| F|  |TAMS 0x00000007ec100000, 0x00000007ec100000| Untracked 
| 194|0x00000007ec200000, 0x00000007ec200000, 0x00000007ec300000|  0%| F|  |TAMS 0x00000007ec200000, 0x00000007ec200000| Untracked 
| 195|0x00000007ec300000, 0x00000007ec300000, 0x00000007ec400000|  0%| F|  |TAMS 0x00000007ec300000, 0x00000007ec300000| Untracked 
| 196|0x00000007ec400000, 0x00000007ec400000, 0x00000007ec500000|  0%| F|  |TAMS 0x00000007ec400000, 0x00000007ec400000| Untracked 
| 197|0x00000007ec500000, 0x00000007ec500000, 0x00000007ec600000|  0%| F|  |TAMS 0x00000007ec500000, 0x00000007ec500000| Untracked 
| 198|0x00000007ec600000, 0x00000007ec600000, 0x00000007ec700000|  0%| F|  |TAMS 0x00000007ec600000, 0x00000007ec600000| Untracked 
| 199|0x00000007ec700000, 0x00000007ec700000, 0x00000007ec800000|  0%| F|  |TAMS 0x00000007ec700000, 0x00000007ec700000| Untracked 
| 200|0x00000007ec800000, 0x00000007ec800000, 0x00000007ec900000|  0%| F|  |TAMS 0x00000007ec800000, 0x00000007ec800000| Untracked 
| 201|0x00000007ec900000, 0x00000007ec900000, 0x00000007eca00000|  0%| F|  |TAMS 0x00000007ec900000, 0x00000007ec900000| Untracked 
| 202|0x00000007eca00000, 0x00000007eca00000, 0x00000007ecb00000|  0%| F|  |TAMS 0x00000007eca00000, 0x00000007eca00000| Untracked 
| 203|0x00000007ecb00000, 0x00000007ecb00000, 0x00000007ecc00000|  0%| F|  |TAMS 0x00000007ecb00000, 0x00000007ecb00000| Untracked 
| 204|0x00000007ecc00000, 0x00000007ecc00000, 0x00000007ecd00000|  0%| F|  |TAMS 0x00000007ecc00000, 0x00000007ecc00000| Untracked 
| 205|0x00000007ecd00000, 0x00000007ecd00000, 0x00000007ece00000|  0%| F|  |TAMS 0x00000007ecd00000, 0x00000007ecd00000| Untracked 
| 206|0x00000007ece00000, 0x00000007ece00000, 0x00000007ecf00000|  0%| F|  |TAMS 0x00000007ece00000, 0x00000007ece00000| Untracked 
| 207|0x00000007ecf00000, 0x00000007ecf00000, 0x00000007ed000000|  0%| F|  |TAMS 0x00000007ecf00000, 0x00000007ecf00000| Untracked 
| 208|0x00000007ed000000, 0x00000007ed000000, 0x00000007ed100000|  0%| F|  |TAMS 0x00000007ed000000, 0x00000007ed000000| Untracked 
| 209|0x00000007ed100000, 0x00000007ed100000, 0x00000007ed200000|  0%| F|  |TAMS 0x00000007ed100000, 0x00000007ed100000| Untracked 
| 210|0x00000007ed200000, 0x00000007ed200000, 0x00000007ed300000|  0%| F|  |TAMS 0x00000007ed200000, 0x00000007ed200000| Untracked 
| 211|0x00000007ed300000, 0x00000007ed300000, 0x00000007ed400000|  0%| F|  |TAMS 0x00000007ed300000, 0x00000007ed300000| Untracked 
| 212|0x00000007ed400000, 0x00000007ed400000, 0x00000007ed500000|  0%| F|  |TAMS 0x00000007ed400000, 0x00000007ed400000| Untracked 
| 213|0x00000007ed500000, 0x00000007ed500000, 0x00000007ed600000|  0%| F|  |TAMS 0x00000007ed500000, 0x00000007ed500000| Untracked 
| 214|0x00000007ed600000, 0x00000007ed600000, 0x00000007ed700000|  0%| F|  |TAMS 0x00000007ed600000, 0x00000007ed600000| Untracked 
| 215|0x00000007ed700000, 0x00000007ed700000, 0x00000007ed800000|  0%| F|  |TAMS 0x00000007ed700000, 0x00000007ed700000| Untracked 
| 216|0x00000007ed800000, 0x00000007ed800000, 0x00000007ed900000|  0%| F|  |TAMS 0x00000007ed800000, 0x00000007ed800000| Untracked 
| 217|0x00000007ed900000, 0x00000007ed900000, 0x00000007eda00000|  0%| F|  |TAMS 0x00000007ed900000, 0x00000007ed900000| Untracked 
| 218|0x00000007eda00000, 0x00000007eda00000, 0x00000007edb00000|  0%| F|  |TAMS 0x00000007eda00000, 0x00000007eda00000| Untracked 
| 219|0x00000007edb00000, 0x00000007edb00000, 0x00000007edc00000|  0%| F|  |TAMS 0x00000007edb00000, 0x00000007edb00000| Untracked 
| 220|0x00000007edc00000, 0x00000007edc00000, 0x00000007edd00000|  0%| F|  |TAMS 0x00000007edc00000, 0x00000007edc00000| Untracked 
| 221|0x00000007edd00000, 0x00000007edd00000, 0x00000007ede00000|  0%| F|  |TAMS 0x00000007edd00000, 0x00000007edd00000| Untracked 
| 222|0x00000007ede00000, 0x00000007ede00000, 0x00000007edf00000|  0%| F|  |TAMS 0x00000007ede00000, 0x00000007ede00000| Untracked 
| 223|0x00000007edf00000, 0x00000007edf00000, 0x00000007ee000000|  0%| F|  |TAMS 0x00000007edf00000, 0x00000007edf00000| Untracked 
| 224|0x00000007ee000000, 0x00000007ee000000, 0x00000007ee100000|  0%| F|  |TAMS 0x00000007ee000000, 0x00000007ee000000| Untracked 
| 225|0x00000007ee100000, 0x00000007ee100000, 0x00000007ee200000|  0%| F|  |TAMS 0x00000007ee100000, 0x00000007ee100000| Untracked 
| 226|0x00000007ee200000, 0x00000007ee200000, 0x00000007ee300000|  0%| F|  |TAMS 0x00000007ee200000, 0x00000007ee200000| Untracked 
| 227|0x00000007ee300000, 0x00000007ee300000, 0x00000007ee400000|  0%| F|  |TAMS 0x00000007ee300000, 0x00000007ee300000| Untracked 
| 228|0x00000007ee400000, 0x00000007ee400000, 0x00000007ee500000|  0%| F|  |TAMS 0x00000007ee400000, 0x00000007ee400000| Untracked 
| 229|0x00000007ee500000, 0x00000007ee500000, 0x00000007ee600000|  0%| F|  |TAMS 0x00000007ee500000, 0x00000007ee500000| Untracked 
| 230|0x00000007ee600000, 0x00000007ee600000, 0x00000007ee700000|  0%| F|  |TAMS 0x00000007ee600000, 0x00000007ee600000| Untracked 
| 231|0x00000007ee700000, 0x00000007ee700000, 0x00000007ee800000|  0%| F|  |TAMS 0x00000007ee700000, 0x00000007ee700000| Untracked 
| 232|0x00000007ee800000, 0x00000007ee800000, 0x00000007ee900000|  0%| F|  |TAMS 0x00000007ee800000, 0x00000007ee800000| Untracked 
| 233|0x00000007ee900000, 0x00000007ee900000, 0x00000007eea00000|  0%| F|  |TAMS 0x00000007ee900000, 0x00000007ee900000| Untracked 
| 234|0x00000007eea00000, 0x00000007eea00000, 0x00000007eeb00000|  0%| F|  |TAMS 0x00000007eea00000, 0x00000007eea00000| Untracked 
| 235|0x00000007eeb00000, 0x00000007eeb00000, 0x00000007eec00000|  0%| F|  |TAMS 0x00000007eeb00000, 0x00000007eeb00000| Untracked 
| 236|0x00000007eec00000, 0x00000007eec00000, 0x00000007eed00000|  0%| F|  |TAMS 0x00000007eec00000, 0x00000007eec00000| Untracked 
| 237|0x00000007eed00000, 0x00000007eed00000, 0x00000007eee00000|  0%| F|  |TAMS 0x00000007eed00000, 0x00000007eed00000| Untracked 
| 238|0x00000007eee00000, 0x00000007eee00000, 0x00000007eef00000|  0%| F|  |TAMS 0x00000007eee00000, 0x00000007eee00000| Untracked 
| 239|0x00000007eef00000, 0x00000007eef00000, 0x00000007ef000000|  0%| F|  |TAMS 0x00000007eef00000, 0x00000007eef00000| Untracked 
| 240|0x00000007ef000000, 0x00000007ef000000, 0x00000007ef100000|  0%| F|  |TAMS 0x00000007ef000000, 0x00000007ef000000| Untracked 
| 241|0x00000007ef100000, 0x00000007ef100000, 0x00000007ef200000|  0%| F|  |TAMS 0x00000007ef100000, 0x00000007ef100000| Untracked 
| 242|0x00000007ef200000, 0x00000007ef200000, 0x00000007ef300000|  0%| F|  |TAMS 0x00000007ef200000, 0x00000007ef200000| Untracked 
| 243|0x00000007ef300000, 0x00000007ef300000, 0x00000007ef400000|  0%| F|  |TAMS 0x00000007ef300000, 0x00000007ef300000| Untracked 
| 244|0x00000007ef400000, 0x00000007ef400000, 0x00000007ef500000|  0%| F|  |TAMS 0x00000007ef400000, 0x00000007ef400000| Untracked 
| 245|0x00000007ef500000, 0x00000007ef500000, 0x00000007ef600000|  0%| F|  |TAMS 0x00000007ef500000, 0x00000007ef500000| Untracked 
| 246|0x00000007ef600000, 0x00000007ef600000, 0x00000007ef700000|  0%| F|  |TAMS 0x00000007ef600000, 0x00000007ef600000| Untracked 
| 247|0x00000007ef700000, 0x00000007ef700000, 0x00000007ef800000|  0%| F|  |TAMS 0x00000007ef700000, 0x00000007ef700000| Untracked 
| 248|0x00000007ef800000, 0x00000007ef800000, 0x00000007ef900000|  0%| F|  |TAMS 0x00000007ef800000, 0x00000007ef800000| Untracked 
| 249|0x00000007ef900000, 0x00000007ef900000, 0x00000007efa00000|  0%| F|  |TAMS 0x00000007ef900000, 0x00000007ef900000| Untracked 
| 250|0x00000007efa00000, 0x00000007efa00000, 0x00000007efb00000|  0%| F|  |TAMS 0x00000007efa00000, 0x00000007efa00000| Untracked 
| 251|0x00000007efb00000, 0x00000007efb00000, 0x00000007efc00000|  0%| F|  |TAMS 0x00000007efb00000, 0x00000007efb00000| Untracked 
| 252|0x00000007efc00000, 0x00000007efc00000, 0x00000007efd00000|  0%| F|  |TAMS 0x00000007efc00000, 0x00000007efc00000| Untracked 
| 253|0x00000007efd00000, 0x00000007efd00000, 0x00000007efe00000|  0%| F|  |TAMS 0x00000007efd00000, 0x00000007efd00000| Untracked 
| 254|0x00000007efe00000, 0x00000007efe80800, 0x00000007eff00000| 50%| E|  |TAMS 0x00000007efe00000, 0x00000007efe00000| Complete 
| 255|0x00000007eff00000, 0x00000007f0000000, 0x00000007f0000000|100%| E|CS|TAMS 0x00000007eff00000, 0x00000007eff00000| Complete 

Card table byte_map: [0x0000000101e7a000,0x0000000101f7a000] _byte_map_base: 0x00000000fdf7a000

Marking Bits (Prev, Next): (CMBitMap*) 0x00007fa3c6820e18, (CMBitMap*) 0x00007fa3c6820e50
 Prev Bits: [0x000000011d580000, 0x000000011dd80000)
 Next Bits: [0x000000011dd80000, 0x000000011e580000)

Polling page: 0x0000000101a05000

Metaspace:

Usage:
  Non-class:     38.02 MB capacity,    37.43 MB ( 98%) used,   512.89 KB (  1%) free+waste,    91.75 KB ( <1%) overhead. 
      Class:      5.90 MB capacity,     5.51 MB ( 93%) used,   362.16 KB (  6%) free+waste,    44.62 KB ( <1%) overhead. 
       Both:     43.92 MB capacity,    42.94 MB ( 98%) used,   875.05 KB (  2%) free+waste,   136.38 KB ( <1%) overhead. 

Virtual space:
  Non-class space:       40.00 MB reserved,      38.25 MB ( 96%) committed 
      Class space:      248.00 MB reserved,       6.00 MB (  2%) committed 
             Both:      288.00 MB reserved,      44.25 MB ( 15%) committed 

Chunk freelists:
   Non-Class:  14.62 KB
       Class:  512 bytes
        Both:  15.12 KB

CodeHeap 'non-profiled nmethods': size=120032Kb used=2093Kb max_used=2093Kb free=117938Kb
 bounds [0x0000000115f48000, 0x00000001161b8000, 0x000000011d480000]
CodeHeap 'profiled nmethods': size=120028Kb used=7775Kb max_used=7775Kb free=112252Kb
 bounds [0x000000010ea11000, 0x000000010f1b1000, 0x0000000115f48000]
CodeHeap 'non-nmethods': size=5700Kb used=2196Kb max_used=2247Kb free=3503Kb
 bounds [0x000000010e480000, 0x000000010e6f0000, 0x000000010ea11000]
 total_blobs=4601 nmethods=3833 adapters=680
 compilation: enabled
              stopped_count=0, restarted_count=0
 full_count=0

Compilation events (10 events):
Event: 7.381 Thread 0x00007fa3ca82a800 3836       3       org.gradle.api.internal.attributes.DefaultAttributesSchema$MergedSchema::<init> (15 bytes)
Event: 7.381 Thread 0x00007fa3ca82a800 nmethod 3836 0x000000010f1a7390 code [0x000000010f1a7540, 0x000000010f1a7750]
Event: 7.381 Thread 0x00007fa3ca82a800 3839       3       org.gradle.api.internal.attributes.DefaultImmutableAttributes::findEntry (37 bytes)
Event: 7.382 Thread 0x00007fa3ca82a800 nmethod 3839 0x000000010f1a7810 code [0x000000010f1a79e0, 0x000000010f1a7d40]
Event: 7.382 Thread 0x00007fa3ca82a800 3840       3       org.gradle.api.internal.attributes.DefaultImmutableAttributes::findEntry (30 bytes)
Event: 7.382 Thread 0x00007fa3ca82a800 nmethod 3840 0x000000010f1a7e10 code [0x000000010f1a7fe0, 0x000000010f1a8460]
Event: 7.382 Thread 0x00007fa3ca82a800 3837       3       org.gradle.api.internal.attributes.DefaultAttributesSchema::withProducer (17 bytes)
Event: 7.382 Thread 0x00007fa3ca82a800 nmethod 3837 0x000000010f1a8590 code [0x000000010f1a8760, 0x000000010f1a8d30]
Event: 7.382 Thread 0x00007fa3ca82a800 3838       1       org.gradle.api.internal.attributes.AttributeValue$1::isPresent (2 bytes)
Event: 7.382 Thread 0x00007fa3ca82a800 nmethod 3838 0x0000000116153210 code [0x00000001161533a0, 0x0000000116153450]

GC Heap History (10 events):
Event: 0.915 GC heap before
{Heap before GC invocations=0 (full 0):
 garbage-first heap   total 262144K, used 29696K [0x00000007e0000000, 0x0000000800000000)
  region size 1024K, 24 young (24576K), 0 survivors (0K)
 Metaspace       used 10620K, capacity 10855K, committed 11264K, reserved 264192K
  class space    used 1121K, capacity 1169K, committed 1280K, reserved 253952K
}
Event: 0.932 GC heap after
{Heap after GC invocations=1 (full 0):
 garbage-first heap   total 262144K, used 8876K [0x00000007e0000000, 0x0000000800000000)
  region size 1024K, 3 young (3072K), 3 survivors (3072K)
 Metaspace       used 10620K, capacity 10855K, committed 11264K, reserved 264192K
  class space    used 1121K, capacity 1169K, committed 1280K, reserved 253952K
}
Event: 2.283 GC heap before
{Heap before GC invocations=1 (full 0):
 garbage-first heap   total 262144K, used 85676K [0x00000007e0000000, 0x0000000800000000)
  region size 1024K, 80 young (81920K), 3 survivors (3072K)
 Metaspace       used 20574K, capacity 21026K, committed 21248K, reserved 272384K
  class space    used 2548K, capacity 2716K, committed 2816K, reserved 253952K
}
Event: 2.299 GC heap after
{Heap after GC invocations=2 (full 0):
 garbage-first heap   total 262144K, used 16120K [0x00000007e0000000, 0x0000000800000000)
  region size 1024K, 11 young (11264K), 11 survivors (11264K)
 Metaspace       used 20574K, capacity 21026K, committed 21248K, reserved 272384K
  class space    used 2548K, capacity 2716K, committed 2816K, reserved 253952K
}
Event: 3.238 GC heap before
{Heap before GC invocations=3 (full 0):
 garbage-first heap   total 262144K, used 75512K [0x00000007e0000000, 0x0000000800000000)
  region size 1024K, 69 young (70656K), 11 survivors (11264K)
 Metaspace       used 26771K, capacity 27280K, committed 27520K, reserved 278528K
  class space    used 3513K, capacity 3698K, committed 3712K, reserved 253952K
}
Event: 3.248 GC heap after
{Heap after GC invocations=4 (full 0):
 garbage-first heap   total 262144K, used 18412K [0x00000007e0000000, 0x0000000800000000)
  region size 1024K, 3 young (3072K), 3 survivors (3072K)
 Metaspace       used 26771K, capacity 27280K, committed 27520K, reserved 278528K
  class space    used 3513K, capacity 3698K, committed 3712K, reserved 253952K
}
Event: 3.926 GC heap before
{Heap before GC invocations=4 (full 0):
 garbage-first heap   total 262144K, used 62444K [0x00000007e0000000, 0x0000000800000000)
  region size 1024K, 45 young (46080K), 3 survivors (3072K)
 Metaspace       used 34933K, capacity 35556K, committed 35840K, reserved 286720K
  class space    used 4481K, capacity 4732K, committed 4736K, reserved 253952K
}
Event: 3.934 GC heap after
{Heap after GC invocations=5 (full 0):
 garbage-first heap   total 262144K, used 23748K [0x00000007e0000000, 0x0000000800000000)
  region size 1024K, 6 young (6144K), 6 survivors (6144K)
 Metaspace       used 34933K, capacity 35556K, committed 35840K, reserved 286720K
  class space    used 4481K, capacity 4732K, committed 4736K, reserved 253952K
}
Event: 7.361 GC heap before
{Heap before GC invocations=6 (full 0):
 garbage-first heap   total 262144K, used 129220K [0x00000007e0000000, 0x0000000800000000)
  region size 1024K, 109 young (111616K), 6 survivors (6144K)
 Metaspace       used 43873K, capacity 44913K, committed 45312K, reserved 294912K
  class space    used 5624K, capacity 6043K, committed 6144K, reserved 253952K
}
Event: 7.372 GC heap after
{Heap after GC invocations=7 (full 0):
 garbage-first heap   total 262144K, used 28226K [0x00000007e0000000, 0x0000000800000000)
  region size 1024K, 13 young (13312K), 13 survivors (13312K)
 Metaspace       used 43873K, capacity 44913K, committed 45312K, reserved 294912K
  class space    used 5624K, capacity 6043K, committed 6144K, reserved 253952K
}

Deoptimization events (10 events):
Event: 6.410 Thread 0x00007fa3cabd4000 Uncommon trap: reason=unstable_if action=reinterpret pc=0x0000000115f709f0 method=java.util.HashMap.hash(Ljava/lang/Object;)I @ 1 c2
Event: 6.410 Thread 0x00007fa3cabd4000 Uncommon trap: reason=unstable_if action=reinterpret pc=0x00000001160a601c method=java.util.HashMap.putVal(ILjava/lang/Object;Ljava/lang/Object;ZZ)Ljava/lang/Object; @ 85 c2
Event: 6.413 Thread 0x00007fa3cabd4000 Uncommon trap: reason=unstable_if action=reinterpret pc=0x000000011608ab68 method=org.gradle.internal.reflect.PropertyAccessorType.isGetGetterName(Ljava/lang/String;)Z @ 14 c2
Event: 6.438 Thread 0x00007fa3cabd4000 Uncommon trap: reason=unstable_if action=reinterpret pc=0x000000011605f80c method=org.objectweb.asm.ByteVector.putShort(I)Lorg/objectweb/asm/ByteVector; @ 13 c2
Event: 6.792 Thread 0x00007fa3cabd4000 Uncommon trap: reason=unstable_if action=reinterpret pc=0x0000000115fafec8 method=java.net.URI$Parser.scan(IILjava/lang/String;)I @ 26 c2
Event: 6.792 Thread 0x00007fa3cabd4000 Uncommon trap: reason=unstable_if action=reinterpret pc=0x0000000115f89e60 method=java.net.URI.match(CJJ)Z @ 45 c2
Event: 6.792 Thread 0x00007fa3cabd4000 Uncommon trap: reason=unstable_if action=reinterpret pc=0x0000000115f5f56c method=java.net.URI.match(CJJ)Z @ 19 c2
Event: 6.963 Thread 0x00007fa3cabd4000 Uncommon trap: reason=unstable_if action=reinterpret pc=0x00000001160c98e8 method=jdk.internal.org.objectweb.asm.Frame.execute(IILjdk/internal/org/objectweb/asm/ClassWriter;Ljdk/internal/org/objectweb/asm/Item;)V @ 1 c2
Event: 7.186 Thread 0x00007fa3cabd4000 Uncommon trap: reason=unstable_if action=reinterpret pc=0x0000000116086d74 method=java.util.ArrayDeque.addLast(Ljava/lang/Object;)V @ 42 c2
Event: 7.330 Thread 0x00007fa3cabd4000 Uncommon trap: reason=unstable_if action=reinterpret pc=0x0000000116087278 method=java.util.ArrayDeque.addLast(Ljava/lang/Object;)V @ 42 c2

Classes redefined (0 events):
No events

Internal exceptions (10 events):
Event: 6.962 Thread 0x00007fa3cabd4000 Exception <a 'java/lang/NoSuchMethodError'{0x00000007ea7d6f78}: java.lang.invoke.DelegatingMethodHandle$Holder.reinvoke_L(Ljava/lang/Object;Ljava/lang/Object;Ljava/lang/Object;Ljava/lang/Object;Ljava/lang/Object;Ljava/lang/Object;Ljava/lang/Object;Ljava/l
Event: 6.962 Thread 0x00007fa3cabd4000 Exception <a 'java/lang/NoSuchMethodError'{0x00000007ea7e18c8}: java.lang.invoke.Invokers$Holder.invoker(Ljava/lang/Object;Ljava/lang/Object;Ljava/lang/Object;Ljava/lang/Object;Ljava/lang/Object;Ljava/lang/Object;Ljava/lang/Object;Ljava/lang/Object;Ljava/
Event: 6.963 Thread 0x00007fa3cabd4000 Exception <a 'java/lang/NoSuchMethodError'{0x00000007ea7e81d0}: java.lang.invoke.DelegatingMethodHandle$Holder.delegate(Ljava/lang/Object;Ljava/lang/Object;Ljava/lang/Object;Ljava/lang/Object;Ljava/lang/Object;Ljava/lang/Object;Ljava/lang/Object;Ljava/lan
Event: 6.970 Thread 0x00007fa3cabd4000 Exception <a 'java/lang/NoSuchMethodError'{0x00000007ea62c688}: java.lang.invoke.DirectMethodHandle$Holder.invokeStatic(Ljava/lang/Object;Ljava/lang/Object;Ljava/lang/Object;Ljava/lang/Object;Ljava/lang/Object;Ljava/lang/Object;Ljava/lang/Object;Ljava/lan
Event: 6.972 Thread 0x00007fa3cabd4000 Exception <a 'java/lang/NoSuchMethodError'{0x00000007ea63bb38}: java.lang.invoke.DirectMethodHandle$Holder.invokeStatic(Ljava/lang/Object;Ljava/lang/Object;Ljava/lang/Object;Ljava/lang/Object;Ljava/lang/Object;Ljava/lang/Object;Ljava/lang/Object;Ljava/lan
Event: 6.973 Thread 0x00007fa3cabd4000 Exception <a 'java/lang/NoSuchMethodError'{0x00000007ea64ace8}: java.lang.invoke.DelegatingMethodHandle$Holder.reinvoke_L(Ljava/lang/Object;Ljava/lang/Object;Ljava/lang/Object;Ljava/lang/Object;Ljava/lang/Object;Ljava/lang/Object;Ljava/lang/Object;Ljava/l
Event: 7.025 Thread 0x00007fa3cabd4000 Exception <a 'java/lang/NoSuchMethodError'{0x00000007ea37d608}: java.lang.invoke.DirectMethodHandle$Holder.invokeInterface(Ljava/lang/Object;Ljava/lang/Object;)I> (0x00000007ea37d608) thrown at [./open/src/hotspot/share/interpreter/linkResolver.cpp, line 
Event: 7.025 Thread 0x00007fa3cabd4000 Exception <a 'java/lang/IncompatibleClassChangeError'{0x00000007ea381688}: Found class java.lang.Object, but interface was expected> (0x00000007ea381688) thrown at [./open/src/hotspot/share/interpreter/linkResolver.cpp, line 838]
Event: 7.133 Thread 0x00007fa3cabd4000 Exception <a 'java/lang/NoSuchMethodError'{0x00000007e9c9dbc0}: java.lang.invoke.DirectMethodHandle$Holder.invokeStaticInit(Ljava/lang/Object;)I> (0x00000007e9c9dbc0) thrown at [./open/src/hotspot/share/interpreter/linkResolver.cpp, line 772]
Event: 7.348 Thread 0x00007fa3cabd4000 Exception <a 'java/lang/NoSuchMethodError'{0x00000007e94ebb48}: java.lang.invoke.DirectMethodHandle$Holder.invokeStatic(Ljava/lang/Object;Ljava/lang/Object;Ljava/lang/Object;ILjava/lang/Object;)V> (0x00000007e94ebb48) thrown at [./open/src/hotspot/share/i

Events (10 events):
Event: 7.384 loading class org/gradle/api/internal/artifacts/ivyservice/DefaultLenientConfiguration$1 done
Event: 7.385 loading class org/gradle/api/internal/artifacts/ivyservice/DefaultLenientConfiguration$2
Event: 7.385 loading class org/gradle/api/internal/artifacts/ivyservice/DefaultLenientConfiguration$2 done
Event: 7.385 loading class org/gradle/api/internal/artifacts/ResolveArtifactsBuildOperationType$DetailsImpl
Event: 7.385 loading class org/gradle/api/internal/artifacts/ResolveArtifactsBuildOperationType$DetailsImpl done
Event: 7.386 loading class org/gradle/api/internal/artifacts/ResolveArtifactsBuildOperationType$Details
Event: 7.386 loading class org/gradle/api/internal/artifacts/ResolveArtifactsBuildOperationType$Details done
Event: 7.386 loading class org/gradle/api/internal/artifacts/ivyservice/resolveengine/artifact/ParallelResolveArtifactSet
Event: 7.386 loading class org/gradle/api/internal/artifacts/ivyservice/resolveengine/artifact/ParallelResolveArtifactSet done
Event: 7.386 Executing VM operation: CGC_Operation


Dynamic libraries:
0x00007fff34f14000 	/System/Library/Frameworks/Cocoa.framework/Versions/A/Cocoa
0x00007fff22289000 	/System/Library/Frameworks/Security.framework/Versions/A/Security
0x00007fff33121000 	/System/Library/Frameworks/ApplicationServices.framework/Versions/A/ApplicationServices
0x00007fff2a506000 	/usr/lib/libz.1.dylib
0x0000000100bd3000 	/Library/Java/JavaVirtualMachines/jdk-11.0.11.jdk/Contents/Home/lib/jli/libjli.dylib
0x00007fff2a5ce000 	/usr/lib/libSystem.B.dylib
0x00007fff22cb7000 	/System/Library/Frameworks/AppKit.framework/Versions/C/AppKit
0x00007fff25b76000 	/System/Library/Frameworks/CoreData.framework/Versions/A/CoreData
0x00007fff21222000 	/System/Library/Frameworks/Foundation.framework/Versions/C/Foundation
0x00007fff23a00000 	/System/Library/PrivateFrameworks/UIFoundation.framework/Versions/A/UIFoundation
0x00007fff2fbf7000 	/System/Library/PrivateFrameworks/RemoteViewServices.framework/Versions/A/RemoteViewServices
0x00007fff28a12000 	/System/Library/PrivateFrameworks/XCTTargetBootstrap.framework/Versions/A/XCTTargetBootstrap
0x00007fff2b6f7000 	/usr/lib/libspindump.dylib
0x00007fff23c4f000 	/System/Library/Frameworks/UniformTypeIdentifiers.framework/Versions/A/UniformTypeIdentifiers
0x00007fff27212000 	/usr/lib/libapp_launch_measurement.dylib
0x00007fff27215000 	/System/Library/PrivateFrameworks/CoreAutoLayout.framework/Versions/A/CoreAutoLayout
0x00007fff28375000 	/System/Library/Frameworks/Metal.framework/Versions/A/Metal
0x00007fff2906f000 	/usr/lib/liblangid.dylib
0x00007fff28a16000 	/System/Library/PrivateFrameworks/CoreSVG.framework/Versions/A/CoreSVG
0x00007fff24c8e000 	/System/Library/PrivateFrameworks/SkyLight.framework/Versions/A/SkyLight
0x00007fff24ff3000 	/System/Library/Frameworks/CoreGraphics.framework/Versions/A/CoreGraphics
0x00007fff3011e000 	/System/Library/Frameworks/Accelerate.framework/Versions/A/Accelerate
0x00007fff2b135000 	/System/Library/PrivateFrameworks/IconServices.framework/Versions/A/IconServices
0x00007fff28359000 	/System/Library/Frameworks/IOSurface.framework/Versions/A/IOSurface
0x00007fff264fe000 	/usr/lib/libDiagnosticMessagesClient.dylib
0x00007fff289fe000 	/System/Library/PrivateFrameworks/DFRFoundation.framework/Versions/A/DFRFoundation
0x00007fff225de000 	/usr/lib/libicucore.A.dylib
0x00007fff2cc3e000 	/System/Library/Frameworks/AudioToolbox.framework/Versions/A/AudioToolbox
0x00007fff2bec8000 	/System/Library/PrivateFrameworks/DataDetectorsCore.framework/Versions/A/DataDetectorsCore
0x00007fff24c02000 	/usr/lib/libMobileGestalt.dylib
0x00007fff28702000 	/System/Library/Frameworks/Carbon.framework/Versions/A/Frameworks/HIToolbox.framework/Versions/A/HIToolbox
0x00007fff26c58000 	/System/Library/Frameworks/QuartzCore.framework/Versions/A/QuartzCore
0x00007fff2fc2f000 	/System/Library/Frameworks/Carbon.framework/Versions/A/Frameworks/SpeechRecognition.framework/Versions/A/SpeechRecognition
0x00007fff26f77000 	/System/Library/PrivateFrameworks/CoreUI.framework/Versions/A/CoreUI
0x00007fff21bf8000 	/System/Library/Frameworks/CoreAudio.framework/Versions/A/CoreAudio
0x00007fff265e9000 	/System/Library/Frameworks/DiskArbitration.framework/Versions/A/DiskArbitration
0x00007fff2bac5000 	/System/Library/PrivateFrameworks/MultitouchSupport.framework/Versions/A/MultitouchSupport
0x00007fff2bebf000 	/System/Library/PrivateFrameworks/InternationalSupport.framework/Versions/A/InternationalSupport
0x00007fff24c01000 	/usr/lib/libenergytrace.dylib
0x00007fff22bae000 	/System/Library/Frameworks/IOKit.framework/Versions/A/IOKit
0x00007fff2ff62000 	/System/Library/Frameworks/CoreServices.framework/Versions/A/CoreServices
0x00007fff271a4000 	/System/Library/PrivateFrameworks/PerformanceAnalysis.framework/Versions/A/PerformanceAnalysis
0x00007fff6ba16000 	/System/Library/Frameworks/OpenGL.framework/Versions/A/OpenGL
0x00007fff2bf43000 	/System/Library/PrivateFrameworks/UserActivity.framework/Versions/A/UserActivity
0x00007fff20295000 	/usr/lib/libobjc.A.dylib
0x00007fff2567d000 	/System/Library/Frameworks/ColorSync.framework/Versions/A/ColorSync
0x00007fff20475000 	/System/Library/Frameworks/CoreFoundation.framework/Versions/A/CoreFoundation
0x00007fff28c7d000 	/System/Library/Frameworks/CoreImage.framework/Versions/A/CoreImage
0x00007fff21a12000 	/System/Library/Frameworks/CoreText.framework/Versions/A/CoreText
0x00007fff28a40000 	/System/Library/Frameworks/ImageIO.framework/Versions/A/ImageIO
0x00007fff2a5d4000 	/System/Library/PrivateFrameworks/SoftLinking.framework/Versions/A/SoftLinking
0x00007fff2725d000 	/usr/lib/libxml2.2.dylib
0x00007fff2035b000 	/usr/lib/libc++.1.dylib
0x00007fff2a845000 	/usr/lib/libcompression.dylib
0x00007fff2bdf1000 	/System/Library/PrivateFrameworks/TextureIO.framework/Versions/A/TextureIO
0x00007fff2ae74000 	/usr/lib/libate.dylib
0x00007fff2a5c8000 	/usr/lib/system/libcache.dylib
0x00007fff2a584000 	/usr/lib/system/libcommonCrypto.dylib
0x00007fff2a5ae000 	/usr/lib/system/libcompiler_rt.dylib
0x00007fff2a5a3000 	/usr/lib/system/libcopyfile.dylib
0x00007fff20185000 	/usr/lib/system/libcorecrypto.dylib
0x00007fff20250000 	/usr/lib/system/libdispatch.dylib
0x00007fff20403000 	/usr/lib/system/libdyld.dylib
0x00007fff2a5bf000 	/usr/lib/system/libkeymgr.dylib
0x00007fff2d9d5000 	/usr/lib/system/liblaunch.dylib
0x00007fff2a562000 	/usr/lib/system/libmacho.dylib
0x00007fff29d5a000 	/usr/lib/system/libquarantine.dylib
0x00007fff2a5bc000 	/usr/lib/system/libremovefile.dylib
0x00007fff24c5f000 	/usr/lib/system/libsystem_asl.dylib
0x00007fff20135000 	/usr/lib/system/libsystem_blocks.dylib
0x00007fff202d2000 	/usr/lib/system/libsystem_c.dylib
0x00007fff2a5b6000 	/usr/lib/system/libsystem_collections.dylib
0x00007fff29060000 	/usr/lib/system/libsystem_configuration.dylib
0x00007fff28348000 	/usr/lib/system/libsystem_containermanager.dylib
0x00007fff2a305000 	/usr/lib/system/libsystem_coreservices.dylib
0x00007fff2283e000 	/usr/lib/system/libsystem_darwin.dylib
0x00007fff2a5c0000 	/usr/lib/system/libsystem_dnssd.dylib
0x00007fff202cf000 	/usr/lib/system/libsystem_featureflags.dylib
0x00007fff20449000 	/usr/lib/system/libsystem_info.dylib
0x00007fff2a519000 	/usr/lib/system/libsystem_m.dylib
0x00007fff20223000 	/usr/lib/system/libsystem_malloc.dylib
0x00007fff24bf2000 	/usr/lib/system/libsystem_networkextension.dylib
0x00007fff22c5d000 	/usr/lib/system/libsystem_notify.dylib
0x00007fff2fe64000 	/usr/lib/system/libsystem_product_info_filter.dylib
0x00007fff29064000 	/usr/lib/system/libsystem_sandbox.dylib
0x00007fff2a5b9000 	/usr/lib/system/libsystem_secinit.dylib
0x00007fff203c7000 	/usr/lib/system/libsystem_kernel.dylib
0x00007fff2043f000 	/usr/lib/system/libsystem_platform.dylib
0x00007fff203f7000 	/usr/lib/system/libsystem_pthread.dylib
0x00007fff2633a000 	/usr/lib/system/libsystem_symptoms.dylib
0x00007fff2016d000 	/usr/lib/system/libsystem_trace.dylib
0x00007fff2a590000 	/usr/lib/system/libunwind.dylib
0x00007fff20137000 	/usr/lib/system/libxpc.dylib
0x00007fff203b1000 	/usr/lib/libc++abi.dylib
0x00007fff2a59b000 	/usr/lib/liboah.dylib
0x00007fff2ac59000 	/usr/lib/liblzma.5.dylib
0x00007fff20f36000 	/System/Library/Frameworks/SystemConfiguration.framework/Versions/A/SystemConfiguration
0x00007fff2a5d0000 	/usr/lib/libfakelink.dylib
0x00007fff24753000 	/System/Library/Frameworks/CFNetwork.framework/Versions/A/CFNetwork
0x00007fff2a710000 	/usr/lib/libarchive.2.dylib
0x00007fff20fb4000 	/usr/lib/libCRFSuite.dylib
0x00007fff29d81000 	/usr/lib/libbsm.0.dylib
0x00007fff240cc000 	/usr/lib/libnetwork.dylib
0x00007fff2a5d5000 	/usr/lib/libpcap.A.dylib
0x00007fff26333000 	/usr/lib/libdns_services.dylib
0x00007fff2ac72000 	/usr/lib/libcoretls_cfhelpers.dylib
0x00007fff2a80f000 	/usr/lib/libapple_nghttp2.dylib
0x00007fff2a568000 	/usr/lib/system/libkxld.dylib
0x00007fff25fac000 	/usr/lib/libsqlite3.dylib
0x00007fff2a2e8000 	/System/Library/PrivateFrameworks/AppleFSCompression.framework/Versions/A/AppleFSCompression
0x00007fff29d69000 	/usr/lib/libcoretls.dylib
0x00007fff2a840000 	/usr/lib/libpam.2.dylib
0x00007fff2ad70000 	/usr/lib/libxar.1.dylib
0x00007fff2906b000 	/System/Library/PrivateFrameworks/AppleSystemInfo.framework/Versions/A/AppleSystemInfo
0x00007fff299ab000 	/System/Library/PrivateFrameworks/IOMobileFramebuffer.framework/Versions/A/IOMobileFramebuffer
0x00007fff2a2f8000 	/usr/lib/libbz2.1.0.dylib
0x00007fff2a60d000 	/usr/lib/libiconv.2.dylib
0x00007fff2a561000 	/usr/lib/libcharset.1.dylib
0x00007fff271e0000 	/System/Library/Frameworks/CoreServices.framework/Versions/A/Frameworks/FSEvents.framework/Versions/A/FSEvents
0x00007fff22848000 	/System/Library/Frameworks/CoreServices.framework/Versions/A/Frameworks/CarbonCore.framework/Versions/A/CarbonCore
0x00007fff2654e000 	/System/Library/Frameworks/CoreServices.framework/Versions/A/Frameworks/Metadata.framework/Versions/A/Metadata
0x00007fff2a30a000 	/System/Library/Frameworks/CoreServices.framework/Versions/A/Frameworks/OSServices.framework/Versions/A/OSServices
0x00007fff2a782000 	/System/Library/Frameworks/CoreServices.framework/Versions/A/Frameworks/SearchKit.framework/Versions/A/SearchKit
0x00007fff262be000 	/System/Library/Frameworks/CoreServices.framework/Versions/A/Frameworks/AE.framework/Versions/A/AE
0x00007fff20913000 	/System/Library/Frameworks/CoreServices.framework/Versions/A/Frameworks/LaunchServices.framework/Versions/A/LaunchServices
0x00007fff2ac09000 	/System/Library/Frameworks/CoreServices.framework/Versions/A/Frameworks/DictionaryServices.framework/Versions/A/DictionaryServices
0x00007fff271ed000 	/System/Library/Frameworks/CoreServices.framework/Versions/A/Frameworks/SharedFileList.framework/Versions/A/SharedFileList
0x00007fff29d5d000 	/usr/lib/libCheckFix.dylib
0x00007fff24c76000 	/System/Library/PrivateFrameworks/TCC.framework/Versions/A/TCC
0x00007fff29071000 	/System/Library/PrivateFrameworks/CoreNLP.framework/Versions/A/CoreNLP
0x00007fff26501000 	/System/Library/PrivateFrameworks/MetadataUtilities.framework/Versions/A/MetadataUtilities
0x00007fff20fe9000 	/usr/lib/libmecabra.dylib
0x00007fff2a067000 	/System/Library/Frameworks/MLCompute.framework/Versions/A/MLCompute
0x00007fff29d92000 	/usr/lib/libmecab.dylib
0x00007fff29ddc000 	/usr/lib/libgermantok.dylib
0x00007fff2a7ea000 	/usr/lib/libThaiTokenizer.dylib
0x00007fff2adab000 	/usr/lib/libChineseTokenizer.dylib
0x00007fff2a83e000 	/System/Library/Frameworks/MetalPerformanceShaders.framework/Versions/A/MetalPerformanceShaders
0x00007fff265f0000 	/System/Library/Frameworks/Accelerate.framework/Versions/A/Frameworks/vImage.framework/Versions/A/vImage
0x00007fff2ff3c000 	/System/Library/Frameworks/Accelerate.framework/Versions/A/Frameworks/vecLib.framework/Versions/A/vecLib
0x00007fff2adb6000 	/System/Library/Frameworks/Accelerate.framework/Versions/A/Frameworks/vecLib.framework/Versions/A/libvMisc.dylib
0x00007fff297c6000 	/System/Library/Frameworks/Accelerate.framework/Versions/A/Frameworks/vecLib.framework/Versions/A/libvDSP.dylib
0x00007fff20c1c000 	/System/Library/Frameworks/Accelerate.framework/Versions/A/Frameworks/vecLib.framework/Versions/A/libBLAS.dylib
0x00007fff2a86b000 	/System/Library/Frameworks/Accelerate.framework/Versions/A/Frameworks/vecLib.framework/Versions/A/libLAPACK.dylib
0x00007fff29de2000 	/System/Library/Frameworks/Accelerate.framework/Versions/A/Frameworks/vecLib.framework/Versions/A/libLinearAlgebra.dylib
0x00007fff2a827000 	/System/Library/Frameworks/Accelerate.framework/Versions/A/Frameworks/vecLib.framework/Versions/A/libSparseBLAS.dylib
0x00007fff2a865000 	/System/Library/Frameworks/Accelerate.framework/Versions/A/Frameworks/vecLib.framework/Versions/A/libQuadrature.dylib
0x00007fff2911d000 	/System/Library/Frameworks/Accelerate.framework/Versions/A/Frameworks/vecLib.framework/Versions/A/libBNNS.dylib
0x00007fff20ec7000 	/System/Library/Frameworks/Accelerate.framework/Versions/A/Frameworks/vecLib.framework/Versions/A/libSparse.dylib
0x00007fff28ff9000 	/System/Library/Frameworks/MetalPerformanceShaders.framework/Versions/A/Frameworks/MPSCore.framework/Versions/A/MPSCore
0x00007fff2a257000 	/System/Library/Frameworks/MetalPerformanceShaders.framework/Versions/A/Frameworks/MPSImage.framework/Versions/A/MPSImage
0x00007fff29df8000 	/System/Library/Frameworks/MetalPerformanceShaders.framework/Versions/A/Frameworks/MPSNeuralNetwork.framework/Versions/A/MPSNeuralNetwork
0x00007fff2a1c9000 	/System/Library/Frameworks/MetalPerformanceShaders.framework/Versions/A/Frameworks/MPSMatrix.framework/Versions/A/MPSMatrix
0x00007fff2a017000 	/System/Library/Frameworks/MetalPerformanceShaders.framework/Versions/A/Frameworks/MPSRayIntersector.framework/Versions/A/MPSRayIntersector
0x00007fff2a200000 	/System/Library/Frameworks/MetalPerformanceShaders.framework/Versions/A/Frameworks/MPSNDArray.framework/Versions/A/MPSNDArray
0x00007fff20b48000 	/System/Library/PrivateFrameworks/MetalTools.framework/Versions/A/MetalTools
0x00007fff29069000 	/System/Library/PrivateFrameworks/AggregateDictionary.framework/Versions/A/AggregateDictionary
0x00007fff264ce000 	/System/Library/PrivateFrameworks/CoreAnalytics.framework/Versions/A/CoreAnalytics
0x00007fff2a7ec000 	/System/Library/PrivateFrameworks/AppleSauce.framework/Versions/A/AppleSauce
0x00007fff2836b000 	/System/Library/PrivateFrameworks/IOAccelerator.framework/Versions/A/IOAccelerator
0x00007fff6ba0a000 	/System/Library/Frameworks/OpenGL.framework/Versions/A/Libraries/libCoreFSCache.dylib
0x00007fff21581000 	/System/Library/PrivateFrameworks/LanguageModeling.framework/Versions/A/LanguageModeling
0x00007fff29999000 	/System/Library/PrivateFrameworks/CoreEmoji.framework/Versions/A/CoreEmoji
0x00007fff29116000 	/System/Library/PrivateFrameworks/LinguisticData.framework/Versions/A/LinguisticData
0x00007fff20e79000 	/System/Library/PrivateFrameworks/Lexicon.framework/Versions/A/Lexicon
0x00007fff2a6fe000 	/usr/lib/libcmph.dylib
0x00007fff271c0000 	/System/Library/Frameworks/OpenDirectory.framework/Versions/A/Frameworks/CFOpenDirectory.framework/Versions/A/CFOpenDirectory
0x00007fff271b0000 	/System/Library/Frameworks/OpenDirectory.framework/Versions/A/OpenDirectory
0x00007fff2ac74000 	/System/Library/PrivateFrameworks/APFS.framework/Versions/A/APFS
0x00007fff29cbf000 	/System/Library/Frameworks/SecurityFoundation.framework/Versions/A/SecurityFoundation
0x00007fff2ad7e000 	/usr/lib/libutil.dylib
0x00007fff22b73000 	/System/Library/PrivateFrameworks/CoreServicesStore.framework/Versions/A/CoreServicesStore
0x00007fff29d55000 	/System/Library/Frameworks/ServiceManagement.framework/Versions/A/ServiceManagement
0x00007fff2ad82000 	/usr/lib/libxslt.1.dylib
0x00007fff29d4b000 	/System/Library/PrivateFrameworks/BackgroundTaskManagement.framework/Versions/A/BackgroundTaskManagement
0x00007fff2bd3b000 	/System/Library/Frameworks/ImageIO.framework/Versions/A/Resources/libRadiance.dylib
0x00007fff2bd45000 	/System/Library/Frameworks/ImageIO.framework/Versions/A/Resources/libJPEG.dylib
0x00007fff2bc8f000 	/System/Library/Frameworks/ImageIO.framework/Versions/A/Resources/libPng.dylib
0x00007fff2bcb6000 	/System/Library/Frameworks/ImageIO.framework/Versions/A/Resources/libTIFF.dylib
0x00007fff2bd9a000 	/System/Library/Frameworks/ImageIO.framework/Versions/A/Resources/libGIF.dylib
0x00007fff2b9e1000 	/System/Library/Frameworks/ImageIO.framework/Versions/A/Resources/libJP2.dylib
0x00007fff2b0fd000 	/usr/lib/libexpat.1.dylib
0x00007fff2b997000 	/System/Library/PrivateFrameworks/AppleJPEG.framework/Versions/A/AppleJPEG
0x00007fff285a1000 	/System/Library/PrivateFrameworks/FontServices.framework/libFontParser.dylib
0x00007fff26275000 	/System/Library/PrivateFrameworks/RunningBoardServices.framework/Versions/A/RunningBoardServices
0x00007fff2bac1000 	/System/Library/PrivateFrameworks/WatchdogClient.framework/Versions/A/WatchdogClient
0x00007fff2166a000 	/System/Library/Frameworks/CoreDisplay.framework/Versions/A/CoreDisplay
0x00007fff284b6000 	/System/Library/Frameworks/CoreMedia.framework/Versions/A/CoreMedia
0x00007fff27340000 	/System/Library/Frameworks/CoreVideo.framework/Versions/A/CoreVideo
0x00007fff2bafc000 	/System/Library/Frameworks/VideoToolbox.framework/Versions/A/VideoToolbox
0x00007fff261f5000 	/System/Library/PrivateFrameworks/BaseBoard.framework/Versions/A/BaseBoard
0x00007fff2b241000 	/System/Library/PrivateFrameworks/PersistentConnection.framework/Versions/A/PersistentConnection
0x00007fff25f96000 	/System/Library/PrivateFrameworks/ProtocolBuffer.framework/Versions/A/ProtocolBuffer
0x00007fff261dd000 	/System/Library/PrivateFrameworks/CommonUtilities.framework/Versions/A/CommonUtilities
0x00007fff2b95a000 	/System/Library/PrivateFrameworks/Bom.framework/Versions/A/Bom
0x00007fff2bd33000 	/System/Library/PrivateFrameworks/GPUWrangler.framework/Versions/A/GPUWrangler
0x00007fff2bd16000 	/System/Library/PrivateFrameworks/IOPresentment.framework/Versions/A/IOPresentment
0x00007fff2bd3f000 	/System/Library/PrivateFrameworks/DSExternalDisplay.framework/Versions/A/DSExternalDisplay
0x00007fff2bd9f000 	/System/Library/PrivateFrameworks/CMCaptureCore.framework/Versions/A/CMCaptureCore
0x00007fff2b6dd000 	/System/Library/PrivateFrameworks/AppServerSupport.framework/Versions/A/AppServerSupport
0x00007fff2d778000 	/System/Library/PrivateFrameworks/perfdata.framework/Versions/A/perfdata
0x00007fff29cae000 	/System/Library/PrivateFrameworks/AssertionServices.framework/Versions/A/AssertionServices
0x00007fff217a1000 	/System/Library/PrivateFrameworks/AudioToolboxCore.framework/Versions/A/AudioToolboxCore
0x00007fff28499000 	/System/Library/PrivateFrameworks/caulk.framework/Versions/A/caulk
0x00007fff3cbb0000 	/System/Library/PrivateFrameworks/SystemPolicy.framework/Versions/A/SystemPolicy
0x00007fff2af0c000 	/usr/lib/libIOReport.dylib
0x00007fff2cfb4000 	/usr/lib/libSMC.dylib
0x00007fff2bc5b000 	/usr/lib/libAudioToolboxUtility.dylib
0x00007fff3d50a000 	/usr/lib/libmis.dylib
0x00007fff6ba66000 	/System/Library/Frameworks/OpenGL.framework/Versions/A/Libraries/libGLU.dylib
0x00007fff6ba29000 	/System/Library/Frameworks/OpenGL.framework/Versions/A/Libraries/libGFXShared.dylib
0x00007fff6bc37000 	/System/Library/Frameworks/OpenGL.framework/Versions/A/Libraries/libGL.dylib
0x00007fff6ba32000 	/System/Library/Frameworks/OpenGL.framework/Versions/A/Libraries/libGLImage.dylib
0x00007fff6ba26000 	/System/Library/Frameworks/OpenGL.framework/Versions/A/Libraries/libCVMSPluginSupport.dylib
0x00007fff6ba11000 	/System/Library/Frameworks/OpenGL.framework/Versions/A/Libraries/libCoreVMClient.dylib
0x00007fff6d081000 	/System/Library/Frameworks/OpenCL.framework/Versions/A/OpenCL
0x00007fff2b26a000 	/System/Library/PrivateFrameworks/GraphVisualizer.framework/Versions/A/GraphVisualizer
0x00007fff2b279000 	/System/Library/PrivateFrameworks/FaceCore.framework/Versions/A/FaceCore
0x00007fff2b695000 	/System/Library/PrivateFrameworks/OTSVG.framework/Versions/A/OTSVG
0x00007fff26f35000 	/System/Library/Frameworks/ApplicationServices.framework/Versions/A/Frameworks/ATS.framework/Versions/A/Resources/libFontRegistry.dylib
0x00007fff2b6e4000 	/System/Library/PrivateFrameworks/FontServices.framework/libhvf.dylib
0x00007fff2b0a9000 	/System/Library/PrivateFrameworks/AppleVA.framework/Versions/A/AppleVA
0x00007fff2cdfc000 	/System/Library/Frameworks/ApplicationServices.framework/Versions/A/Frameworks/ATS.framework/Versions/A/ATS
0x00007fff2d10f000 	/System/Library/Frameworks/ApplicationServices.framework/Versions/A/Frameworks/ColorSyncLegacy.framework/Versions/A/ColorSyncLegacy
0x00007fff25774000 	/System/Library/Frameworks/ApplicationServices.framework/Versions/A/Frameworks/HIServices.framework/Versions/A/HIServices
0x00007fff2d0f4000 	/System/Library/Frameworks/ApplicationServices.framework/Versions/A/Frameworks/LangAnalysis.framework/Versions/A/LangAnalysis
0x00007fff2bda9000 	/System/Library/Frameworks/ApplicationServices.framework/Versions/A/Frameworks/PrintCore.framework/Versions/A/PrintCore
0x00007fff2d117000 	/System/Library/Frameworks/ApplicationServices.framework/Versions/A/Frameworks/QD.framework/Versions/A/QD
0x00007fff2cdec000 	/System/Library/Frameworks/ApplicationServices.framework/Versions/A/Frameworks/SpeechSynthesis.framework/Versions/A/SpeechSynthesis
0x00007fff2bd6a000 	/System/Library/Frameworks/ApplicationServices.framework/Versions/A/Frameworks/ATSUI.framework/Versions/A/ATSUI
0x00007fff2d094000 	/usr/lib/libcups.2.dylib
0x00007fff2d104000 	/System/Library/PrivateFrameworks/NetAuth.framework/Versions/A/NetAuth
0x00007fff2d793000 	/System/Library/Frameworks/Kerberos.framework/Versions/A/Kerberos
0x00007fff2d7a3000 	/System/Library/Frameworks/GSS.framework/Versions/A/GSS
0x00007fff2ce69000 	/usr/lib/libresolv.9.dylib
0x00007fff2b6fa000 	/System/Library/PrivateFrameworks/Heimdal.framework/Versions/A/Heimdal
0x00007fff33436000 	/System/Library/Frameworks/Kerberos.framework/Versions/A/Libraries/libHeimdalProxy.dylib
0x00007fff26342000 	/System/Library/Frameworks/Network.framework/Versions/A/Network
0x00007fff2b116000 	/usr/lib/libheimdal-asn1.dylib
0x00007fff2d7f4000 	/System/Library/PrivateFrameworks/CommonAuth.framework/Versions/A/CommonAuth
0x00007fff2738e000 	/System/Library/PrivateFrameworks/login.framework/Versions/A/Frameworks/loginsupport.framework/Versions/A/loginsupport
0x00007fff2cd73000 	/System/Library/PrivateFrameworks/AudioSession.framework/Versions/A/AudioSession
0x00007fff2cdd9000 	/usr/lib/libAudioStatistics.dylib
0x00007fff2b1a2000 	/System/Library/PrivateFrameworks/MediaExperience.framework/Versions/A/MediaExperience
0x00007fff2cc0c000 	/System/Library/PrivateFrameworks/AudioSession.framework/libSessionUtility.dylib
0x00007fff2d784000 	/usr/lib/libperfcheck.dylib
0x00007fff2d123000 	/System/Library/PrivateFrameworks/AudioResourceArbitration.framework/Versions/A/AudioResourceArbitration
0x00007fff2b120000 	/System/Library/PrivateFrameworks/IconFoundation.framework/Versions/A/IconFoundation
0x00007fff2fc1f000 	/System/Library/PrivateFrameworks/SpeechRecognitionCore.framework/Versions/A/SpeechRecognitionCore
0x0000000100c01000 	/Library/Java/JavaVirtualMachines/jdk-11.0.11.jdk/Contents/Home/lib/server/libjvm.dylib
0x00000001019bc000 	/Library/Java/JavaVirtualMachines/jdk-11.0.11.jdk/Contents/Home/lib/libverify.dylib
0x00000001019cc000 	/Library/Java/JavaVirtualMachines/jdk-11.0.11.jdk/Contents/Home/lib/libjava.dylib
0x00000001019f9000 	/Library/Java/JavaVirtualMachines/jdk-11.0.11.jdk/Contents/Home/lib/libjimage.dylib
0x0000000101a4f000 	/Library/Java/JavaVirtualMachines/jdk-11.0.11.jdk/Contents/Home/lib/libzip.dylib
0x0000000101f8b000 	/Library/Java/JavaVirtualMachines/jdk-11.0.11.jdk/Contents/Home/lib/libnio.dylib
0x0000000101f9d000 	/Library/Java/JavaVirtualMachines/jdk-11.0.11.jdk/Contents/Home/lib/libnet.dylib
0x0000000101fb6000 	/Users/janisardel/.gradle/native/fdc75f09e3144964f2cf3f50f0aa648679c211496f362492102eb8c894070792/osx-amd64/libnative-platform.dylib
0x0000000122bd0000 	/Users/janisardel/.gradle/native/12488b8bf47d2d4c9fbf2f6322a914ad602e24e48041cd04a747c6da556b65c4/osx-amd64/libnative-platform-file-events.dylib
0x0000000101fbd000 	/Library/Java/JavaVirtualMachines/jdk-11.0.11.jdk/Contents/Home/lib/libmanagement.dylib
0x0000000101fc7000 	/Library/Java/JavaVirtualMachines/jdk-11.0.11.jdk/Contents/Home/lib/libmanagement_ext.dylib
0x0000000101fd2000 	/Library/Java/JavaVirtualMachines/jdk-11.0.11.jdk/Contents/Home/lib/libextnet.dylib


VM Arguments:
jvm_args: --add-opens=java.base/java.util=ALL-UNNAMED --add-opens=java.base/java.lang=ALL-UNNAMED --add-opens=java.base/java.lang.invoke=ALL-UNNAMED --add-opens=java.prefs/java.util.prefs=ALL-UNNAMED -XX:MaxMetaspaceSize=256m -XX:+HeapDumpOnOutOfMemoryError -Xms256m -Xmx512m -Dfile.encoding=UTF-8 -Duser.country=AU -Duser.language=en -Duser.variant 
java_command: org.gradle.launcher.daemon.bootstrap.GradleDaemon 6.7
java_class_path (initial): /Users/janisardel/.gradle/wrapper/dists/gradle-6.7-all/cuy9mc7upwgwgeb72wkcrupxe/gradle-6.7/lib/gradle-launcher-6.7.jar
Launcher Type: SUN_STANDARD

[Global flags]
     intx CICompilerCount                          = 4                                         {product} {ergonomic}
   size_t CompressedClassSpaceSize                 = 260046848                                 {product} {ergonomic}
     uint ConcGCThreads                            = 2                                         {product} {ergonomic}
     uint G1ConcRefinementThreads                  = 8                                         {product} {ergonomic}
   size_t G1HeapRegionSize                         = 1048576                                   {product} {ergonomic}
    uintx GCDrainStackTargetSize                   = 64                                        {product} {ergonomic}
     bool HeapDumpOnOutOfMemoryError               = true                                   {manageable} {command line}
   size_t InitialHeapSize                          = 268435456                                 {product} {command line}
   size_t MarkStackSize                            = 4194304                                   {product} {ergonomic}
   size_t MaxHeapSize                              = 536870912                                 {product} {command line}
   size_t MaxMetaspaceSize                         = 268435456                                 {product} {command line}
   size_t MaxNewSize                               = 321912832                                 {product} {ergonomic}
   size_t MinHeapDeltaBytes                        = 1048576                                   {product} {ergonomic}
    uintx NonNMethodCodeHeapSize                   = 5836300                                {pd product} {ergonomic}
    uintx NonProfiledCodeHeapSize                  = 122910970                              {pd product} {ergonomic}
    uintx ProfiledCodeHeapSize                     = 122910970                              {pd product} {ergonomic}
    uintx ReservedCodeCacheSize                    = 251658240                              {pd product} {ergonomic}
     bool SegmentedCodeCache                       = true                                      {product} {ergonomic}
     bool UseCompressedClassPointers               = true                                 {lp64_product} {ergonomic}
     bool UseCompressedOops                        = true                                 {lp64_product} {ergonomic}
     bool UseG1GC                                  = true                                      {product} {ergonomic}

Logging:
Log output configuration:
 #0: stdout all=warning uptime,level,tags
 #1: stderr all=off uptime,level,tags

Environment Variables:
PATH=/Users/janisardel/Documents/Projects/Personal/History/android/node_modules/.bin:/Users/janisardel/Documents/Projects/Personal/History/node_modules/.bin:/Users/janisardel/Documents/Projects/Personal/node_modules/.bin:/Users/janisardel/Documents/Projects/node_modules/.bin:/Users/janisardel/Documents/node_modules/.bin:/Users/janisardel/node_modules/.bin:/Users/node_modules/.bin:/node_modules/.bin:/usr/local/Cellar/node/16.5.0/bin:/Users/janisardel/Documents/Projects/Personal/History/node_modules/.bin:/Users/janisardel/Documents/Projects/Personal/node_modules/.bin:/Users/janisardel/Documents/Projects/node_modules/.bin:/Users/janisardel/Documents/node_modules/.bin:/Users/janisardel/node_modules/.bin:/Users/node_modules/.bin:/node_modules/.bin:/usr/local/lib/node_modules/npm/node_modules/@npmcli/run-script/lib/node-gyp-bin:/usr/local/bin:/usr/bin:/bin:/usr/sbin:/sbin:/Library/Apple/usr/bin:/Users/janisardel/Documents/Projects/Personal/History/node_modules/.bin:/opt/apache-maven/apache-maven-3.8.1/bin
SHELL=/bin/zsh

Signal Handlers:
SIGSEGV: [libjvm.dylib+0x796aba], sa_mask[0]=11111111011111110111111111111111, sa_flags=SA_ONSTACK|SA_RESTART|SA_SIGINFO
SIGBUS: [libjvm.dylib+0x796aba], sa_mask[0]=11111111011111110111111111111111, sa_flags=SA_RESTART|SA_SIGINFO
SIGFPE: [libjvm.dylib+0x796aba], sa_mask[0]=11111111011111110111111111111111, sa_flags=SA_RESTART|SA_SIGINFO
SIGPIPE: [libjvm.dylib+0x6487c0], sa_mask[0]=11111111011111110111111111111111, sa_flags=SA_RESTART|SA_SIGINFO
SIGXFSZ: [libjvm.dylib+0x6487c0], sa_mask[0]=11111111011111110111111111111111, sa_flags=SA_RESTART|SA_SIGINFO
SIGILL: [libjvm.dylib+0x796aba], sa_mask[0]=11111111011111110111111111111111, sa_flags=SA_RESTART|SA_SIGINFO
SIGUSR2: [libjvm.dylib+0x648d94], sa_mask[0]=00100000000000000000000000000000, sa_flags=SA_RESTART|SA_SIGINFO
SIGHUP: [libjvm.dylib+0x647855], sa_mask[0]=11111111011111110111111111111111, sa_flags=SA_RESTART|SA_SIGINFO
SIGINT: [libjvm.dylib+0x647855], sa_mask[0]=11111111011111110111111111111111, sa_flags=SA_RESTART|SA_SIGINFO
SIGTERM: [libjvm.dylib+0x647855], sa_mask[0]=11111111011111110111111111111111, sa_flags=SA_RESTART|SA_SIGINFO
SIGQUIT: [libjvm.dylib+0x647855], sa_mask[0]=11111111011111110111111111111111, sa_flags=SA_RESTART|SA_SIGINFO


---------------  S Y S T E M  ---------------

OS:uname:Darwin 20.5.0 Darwin Kernel Version 20.5.0: Sat May  8 05:10:33 PDT 2021; root:xnu-7195.121.3~9/RELEASE_X86_64 x86_64
rlimit: STACK 8192k, CORE 0k, NPROC 2784, NOFILE 10240, AS infinity, DATA infinity, FSIZE infinity
load average:23.35 8.36 3.23

CPU:total 8 (initial active 8) (4 cores per cpu, 2 threads per core) family 6 model 158 stepping 9 microcode 0xea, cmov, cx8, fxsr, mmx, sse, sse2, sse3, ssse3, sse4.1, sse4.2, popcnt, avx, avx2, aes, clmul, erms, rtm, 3dnowpref, lzcnt, ht, tsc, tscinvbit, bmi1, bmi2, adx, fma

Memory: 4k page, physical 16777216k(2575940k free)

vm_info: Java HotSpot(TM) 64-Bit Server VM (11.0.11+9-LTS-194) for bsd-amd64 JRE (11.0.11+9-LTS-194), built on Mar 18 2021 18:02:06 by "mach5one" with gcc 4.2.1 Compatible Apple LLVM 11.0.0 (clang-1100.0.33.17)

END.
